This file contains any messages produced by compilers while
running configure, to aid debugging if configure makes a mistake.

It was created by mca configure 2.0.3, which was
generated by GNU Autoconf 2.63.  Invocation command line was

  $ ./configure --enable-shared --prefix=/home/pengsun86/mca-build/ --host=powerpc-linux-gnu

## --------- ##
## Platform. ##
## --------- ##

hostname = octocore.cs.uh.edu
uname -m = x86_64
uname -r = 2.6.18-371.1.2.el5
uname -s = Linux
uname -v = #1 SMP Tue Oct 22 12:51:53 EDT 2013

/usr/bin/uname -p = unknown
/bin/uname -X     = unknown

/bin/arch              = x86_64
/usr/bin/arch -k       = unknown
/usr/convex/getsysinfo = unknown
/usr/bin/hostinfo      = unknown
/bin/machine           = unknown
/usr/bin/oslevel       = unknown
/bin/universe          = unknown

PATH: /home/pengsun86/.local/bin
PATH: /usr/lib64/qt-3.3/bin
PATH: /opt/local/bin
PATH: /opt/Modules/3.2.9/bin
PATH: /usr/kerberos/bin
PATH: /usr/local/bin
PATH: /bin
PATH: /usr/bin
PATH: /usr/sbin
PATH: /sbin
PATH: /home/pengsun86/opt/openuh-install/bin
PATH: /opt/freescale/usr/local/gcc-4.4.78-eglibc-2.10.78-1/powerpc-linux-gnu/bin/
PATH: /home/pengsun86/.local/bin
PATH: /bin


## ----------- ##
## Core tests. ##
## ----------- ##

configure:2127: checking for a BSD-compatible install
configure:2195: result: /usr/bin/install -c
configure:2206: checking whether build environment is sane
configure:2249: result: yes
configure:2311: checking for gawk
configure:2327: found /bin/gawk
configure:2338: result: gawk
configure:2349: checking whether make sets $(MAKE)
configure:2371: result: yes
configure:2447: checking for powerpc-linux-gnu-strip
configure:2463: found /opt/freescale/usr/local/gcc-4.4.78-eglibc-2.10.78-1/powerpc-linux-gnu/bin//powerpc-linux-gnu-strip
configure:2474: result: powerpc-linux-gnu-strip
configure:2551: checking whether to enable maintainer-specific portions of Makefiles
configure:2560: result: no
configure:2601: checking for powerpc-linux-gnu-gcc
configure:2617: found /opt/freescale/usr/local/gcc-4.4.78-eglibc-2.10.78-1/powerpc-linux-gnu/bin//powerpc-linux-gnu-gcc
configure:2628: result: powerpc-linux-gnu-gcc
configure:2900: checking for C compiler version
configure:2908: powerpc-linux-gnu-gcc --version >&5
powerpc-linux-gnu-gcc (GCC) 4.4.1
Copyright (C) 2009 Free Software Foundation, Inc.
This is free software; see the source for copying conditions.  There is NO
warranty; not even for MERCHANTABILITY or FITNESS FOR A PARTICULAR PURPOSE.

configure:2912: $? = 0
configure:2919: powerpc-linux-gnu-gcc -v >&5
Using built-in specs.
Target: powerpc-linux-gnu
Configured with: /home/harryhe/codesourcery/powerpc/freescale-4.4-78-powerpc-linux-gnu/build/src/gcc-4.4/configure --host=i486-pc-linux-gnu --target=powerpc-linux-gnu --build=i486-pc-linux-gnu --prefix=/opt/freescale/usr/local/gcc-4.4.78-eglibc-2.10.78-1/powerpc-linux-gnu/ --disable-libmudflap --disable-libssp --disable-libstdcxx-pch --enable-extra-sgxxlite-multilibs --with-long-double-128 --with-gnu-as --with-gnu-ld --with-specs='%{O2:%{!fno-remove-local-statics: -fremove-local-statics}} %{O*:%{O|O0|O1|O2|Os:;:%{!fno-remove-local-statics: -fremove-local-statics}}}' --enable-symvers=gnu --enable-__cxa_atexit --disable-nls --enable-shared --disable-lto --enable-threads --enable-libgomp --enable-languages=c,c++ --enable-secureplt --with-sysroot=/opt/freescale/usr/local/gcc-4.4.78-eglibc-2.10.78-1/powerpc-linux-gnu//powerpc-linux-gnu/libc --with-build-sysroot=/home/harryhe/codesourcery/powerpc/freescale-4.4-78-powerpc-linux-gnu/build/install/powerpc-linux-gnu/libc --with-gmp=/home/harryhe/codesourcery/powerpc/freescale-4.4-78-powerpc-linux-gnu/build/host --with-mpfr=/home/harryhe/codesourcery/powerpc/freescale-4.4-78-powerpc-linux-gnu/build/host --with-host-libstdcxx='-static-libgcc -Wl,-Bstatic,-lstdc++,-Bdynamic -lm' --enable-poison-system-directories --with-build-time-tools=/home/harryhe/codesourcery/powerpc/freescale-4.4-78-powerpc-linux-gnu/build/install/powerpc-linux-gnu/bin --with-cpu=603e --with-ppl=/home/harryhe/codesourcery/powerpc/freescale-4.4-78-powerpc-linux-gnu/build/host --with-cloog=/home/harryhe/codesourcery/powerpc/freescale-4.4-78-powerpc-linux-gnu/build/host
Thread model: posix
gcc version 4.4.1 (GCC) 
configure:2923: $? = 0
configure:2930: powerpc-linux-gnu-gcc -V >&5
powerpc-linux-gnu-gcc: '-V' option must have argument
configure:2934: $? = 1
configure:2957: checking for C compiler default output file name
configure:2979: powerpc-linux-gnu-gcc  -ggdb -Wall      conftest.c  >&5
configure:2983: $? = 0
configure:3021: result: a.out
configure:3040: checking whether the C compiler works
configure:3050: ./a.out
./configure: line 3052: ./a.out: cannot execute binary file
configure:3054: $? = 126
configure:3073: result: yes
configure:3080: checking whether we are cross compiling
configure:3082: result: yes
configure:3085: checking for suffix of executables
configure:3092: powerpc-linux-gnu-gcc -o conftest  -ggdb -Wall      conftest.c  >&5
configure:3096: $? = 0
configure:3122: result: 
configure:3128: checking for suffix of object files
configure:3154: powerpc-linux-gnu-gcc -c  -ggdb -Wall     conftest.c >&5
configure:3158: $? = 0
configure:3183: result: o
configure:3187: checking whether we are using the GNU C compiler
configure:3216: powerpc-linux-gnu-gcc -c  -ggdb -Wall     conftest.c >&5
configure:3223: $? = 0
configure:3240: result: yes
configure:3249: checking whether powerpc-linux-gnu-gcc accepts -g
configure:3279: powerpc-linux-gnu-gcc -c -g  conftest.c >&5
configure:3286: $? = 0
configure:3387: result: yes
configure:3404: checking for powerpc-linux-gnu-gcc option to accept ISO C89
configure:3478: powerpc-linux-gnu-gcc  -c  -ggdb -Wall     conftest.c >&5
configure:3485: $? = 0
configure:3508: result: none needed
configure:3537: checking for style of include used by make
configure:3565: result: GNU
configure:3593: checking dependency style of powerpc-linux-gnu-gcc
configure:3683: result: gcc3
configure:3721: checking for a BSD-compatible install
configure:3789: result: /usr/bin/install -c
configure:3831: checking build system type
configure:3849: result: x86_64-unknown-linux-gnu
configure:3871: checking host system type
configure:3886: result: powerpc-unknown-linux-gnu
configure:3908: checking for a sed that does not truncate output
configure:3974: result: /bin/sed
configure:3992: checking for grep that handles long lines and -e
configure:4052: result: /bin/grep
configure:4057: checking for egrep
configure:4121: result: /bin/grep -E
configure:4126: checking for fgrep
configure:4190: result: /bin/grep -F
configure:4225: checking for ld used by powerpc-linux-gnu-gcc
configure:4292: result: /opt/freescale/usr/local/gcc-4.4.78-eglibc-2.10.78-1/powerpc-linux-gnu/powerpc-linux-gnu/bin/ld
configure:4301: checking if the linker (/opt/freescale/usr/local/gcc-4.4.78-eglibc-2.10.78-1/powerpc-linux-gnu/powerpc-linux-gnu/bin/ld) is GNU ld
configure:4316: result: yes
configure:4328: checking for BSD- or MS-compatible name lister (nm)
configure:4377: result: /opt/freescale/usr/local/gcc-4.4.78-eglibc-2.10.78-1/powerpc-linux-gnu/bin//powerpc-linux-gnu-nm -B
configure:4495: checking the name lister (/opt/freescale/usr/local/gcc-4.4.78-eglibc-2.10.78-1/powerpc-linux-gnu/bin//powerpc-linux-gnu-nm -B) interface
configure:4501: powerpc-linux-gnu-gcc -c  -ggdb -Wall     conftest.c >&5
configure:4504: /opt/freescale/usr/local/gcc-4.4.78-eglibc-2.10.78-1/powerpc-linux-gnu/bin//powerpc-linux-gnu-nm -B "conftest.o"
configure:4507: output
00000000 S some_variable
configure:4515: result: BSD nm
configure:4518: checking whether ln -s works
configure:4522: result: yes
configure:4530: checking the maximum length of command line arguments
configure:4650: result: 98304
configure:4667: checking whether the shell understands some XSI constructs
configure:4677: result: yes
configure:4681: checking whether the shell understands "+="
configure:4687: result: yes
configure:4722: checking for /opt/freescale/usr/local/gcc-4.4.78-eglibc-2.10.78-1/powerpc-linux-gnu/powerpc-linux-gnu/bin/ld option to reload object files
configure:4729: result: -r
configure:4758: checking for powerpc-linux-gnu-objdump
configure:4774: found /opt/freescale/usr/local/gcc-4.4.78-eglibc-2.10.78-1/powerpc-linux-gnu/bin//powerpc-linux-gnu-objdump
configure:4785: result: powerpc-linux-gnu-objdump
configure:4857: checking how to recognize dependent libraries
configure:5053: result: pass_all
configure:5073: checking for powerpc-linux-gnu-ar
configure:5089: found /opt/freescale/usr/local/gcc-4.4.78-eglibc-2.10.78-1/powerpc-linux-gnu/bin//powerpc-linux-gnu-ar
configure:5100: result: powerpc-linux-gnu-ar
configure:5178: checking for powerpc-linux-gnu-strip
configure:5205: result: powerpc-linux-gnu-strip
configure:5277: checking for powerpc-linux-gnu-ranlib
configure:5293: found /opt/freescale/usr/local/gcc-4.4.78-eglibc-2.10.78-1/powerpc-linux-gnu/bin//powerpc-linux-gnu-ranlib
configure:5304: result: powerpc-linux-gnu-ranlib
configure:5434: checking command to parse /opt/freescale/usr/local/gcc-4.4.78-eglibc-2.10.78-1/powerpc-linux-gnu/bin//powerpc-linux-gnu-nm -B output from powerpc-linux-gnu-gcc object
configure:5552: powerpc-linux-gnu-gcc -c  -ggdb -Wall     conftest.c >&5
configure:5555: $? = 0
configure:5559: /opt/freescale/usr/local/gcc-4.4.78-eglibc-2.10.78-1/powerpc-linux-gnu/bin//powerpc-linux-gnu-nm -B conftest.o \| sed -n -e 's/^.*[	 ]\([ABCDGIRSTW][ABCDGIRSTW]*\)[	 ][	 ]*\([_A-Za-z][_A-Za-z0-9]*\)$/\1 \2 \2/p' \> conftest.nm
configure:5562: $? = 0
configure:5616: powerpc-linux-gnu-gcc -o conftest  -ggdb -Wall      conftest.c conftstm.o >&5
configure:5619: $? = 0
configure:5657: result: ok
configure:5753: powerpc-linux-gnu-gcc -c  -ggdb -Wall     conftest.c >&5
configure:5756: $? = 0
configure:6524: checking how to run the C preprocessor
configure:6564: powerpc-linux-gnu-gcc -E  conftest.c
configure:6571: $? = 0
configure:6602: powerpc-linux-gnu-gcc -E  conftest.c
conftest.c:10: fatal error: ac_nonexistent.h: No such file or directory
compilation terminated.
configure:6609: $? = 1
configure: failed program was:
| /* confdefs.h.  */
| #define PACKAGE_NAME "mca"
| #define PACKAGE_TARNAME "mca"
| #define PACKAGE_VERSION "2.0.3"
| #define PACKAGE_STRING "mca 2.0.3"
| #define PACKAGE_BUGREPORT ""
| #define PACKAGE "mca"
| #define VERSION "2.0.3"
| /* end confdefs.h.  */
| #include <ac_nonexistent.h>
configure:6642: result: powerpc-linux-gnu-gcc -E
configure:6671: powerpc-linux-gnu-gcc -E  conftest.c
configure:6678: $? = 0
configure:6709: powerpc-linux-gnu-gcc -E  conftest.c
conftest.c:10: fatal error: ac_nonexistent.h: No such file or directory
compilation terminated.
configure:6716: $? = 1
configure: failed program was:
| /* confdefs.h.  */
| #define PACKAGE_NAME "mca"
| #define PACKAGE_TARNAME "mca"
| #define PACKAGE_VERSION "2.0.3"
| #define PACKAGE_STRING "mca 2.0.3"
| #define PACKAGE_BUGREPORT ""
| #define PACKAGE "mca"
| #define VERSION "2.0.3"
| /* end confdefs.h.  */
| #include <ac_nonexistent.h>
configure:6756: checking for ANSI C header files
configure:6786: powerpc-linux-gnu-gcc -c  -ggdb -Wall     conftest.c >&5
configure:6793: $? = 0
configure:6924: result: yes
configure:6948: checking for sys/types.h
configure:6969: powerpc-linux-gnu-gcc -c  -ggdb -Wall     conftest.c >&5
configure:6976: $? = 0
configure:6993: result: yes
configure:6948: checking for sys/stat.h
configure:6969: powerpc-linux-gnu-gcc -c  -ggdb -Wall     conftest.c >&5
configure:6976: $? = 0
configure:6993: result: yes
configure:6948: checking for stdlib.h
configure:6969: powerpc-linux-gnu-gcc -c  -ggdb -Wall     conftest.c >&5
configure:6976: $? = 0
configure:6993: result: yes
configure:6948: checking for string.h
configure:6969: powerpc-linux-gnu-gcc -c  -ggdb -Wall     conftest.c >&5
configure:6976: $? = 0
configure:6993: result: yes
configure:6948: checking for memory.h
configure:6969: powerpc-linux-gnu-gcc -c  -ggdb -Wall     conftest.c >&5
configure:6976: $? = 0
configure:6993: result: yes
configure:6948: checking for strings.h
configure:6969: powerpc-linux-gnu-gcc -c  -ggdb -Wall     conftest.c >&5
configure:6976: $? = 0
configure:6993: result: yes
configure:6948: checking for inttypes.h
configure:6969: powerpc-linux-gnu-gcc -c  -ggdb -Wall     conftest.c >&5
configure:6976: $? = 0
configure:6993: result: yes
configure:6948: checking for stdint.h
configure:6969: powerpc-linux-gnu-gcc -c  -ggdb -Wall     conftest.c >&5
configure:6976: $? = 0
configure:6993: result: yes
configure:6948: checking for unistd.h
configure:6969: powerpc-linux-gnu-gcc -c  -ggdb -Wall     conftest.c >&5
configure:6976: $? = 0
configure:6993: result: yes
configure:7011: checking for dlfcn.h
configure:7032: powerpc-linux-gnu-gcc -c  -ggdb -Wall     conftest.c >&5
configure:7039: $? = 0
configure:7056: result: yes
configure:7242: checking for objdir
configure:7257: result: .libs
configure:7553: checking if powerpc-linux-gnu-gcc supports -fno-rtti -fno-exceptions
configure:7570: powerpc-linux-gnu-gcc -c  -ggdb -Wall     -fno-rtti -fno-exceptions conftest.c >&5
cc1: warning: command line option "-fno-rtti" is valid for C++/ObjC++ but not for C
configure:7574: $? = 0
configure:7588: result: no
configure:7608: checking for powerpc-linux-gnu-gcc option to produce PIC
configure:7880: result: -fPIC -DPIC
configure:7892: checking if powerpc-linux-gnu-gcc PIC flag -fPIC -DPIC works
configure:7909: powerpc-linux-gnu-gcc -c  -ggdb -Wall     -fPIC -DPIC -DPIC conftest.c >&5
configure:7913: $? = 0
configure:7927: result: yes
configure:7951: checking if powerpc-linux-gnu-gcc static flag -static works
configure:7979: result: yes
configure:7994: checking if powerpc-linux-gnu-gcc supports -c -o file.o
configure:8014: powerpc-linux-gnu-gcc -c  -ggdb -Wall     -o out/conftest2.o conftest.c >&5
configure:8018: $? = 0
configure:8041: result: yes
configure:8049: checking if powerpc-linux-gnu-gcc supports -c -o file.o
configure:8096: result: yes
configure:8129: checking whether the powerpc-linux-gnu-gcc linker (/opt/freescale/usr/local/gcc-4.4.78-eglibc-2.10.78-1/powerpc-linux-gnu/powerpc-linux-gnu/bin/ld) supports shared libraries
configure:9203: result: yes
configure:9240: checking whether -lc should be explicitly linked in
configure:9245: powerpc-linux-gnu-gcc -c  -ggdb -Wall     conftest.c >&5
configure:9248: $? = 0
configure:9263: powerpc-linux-gnu-gcc -shared conftest.o  -v -Wl,-soname -Wl,conftest -o conftest 2\>\&1 \| /bin/grep  -lc  \>/dev/null 2\>\&1
configure:9266: $? = 0
configure:9278: result: no
configure:9442: checking dynamic linker characteristics
configure:9885: powerpc-linux-gnu-gcc -o conftest  -ggdb -Wall      -Wl,-rpath -Wl,/foo conftest.c  >&5
configure:9892: $? = 0
configure:10125: result: GNU/Linux ld.so
configure:10227: checking how to hardcode library paths into programs
configure:10252: result: immediate
configure:11085: checking whether stripping libraries is possible
configure:11090: result: yes
configure:11125: checking if libtool supports shared libraries
configure:11127: result: yes
configure:11130: checking whether to build shared libraries
configure:11151: result: yes
configure:11154: checking whether to build static libraries
configure:11158: result: yes
configure:11199: checking for size_t
configure:11227: powerpc-linux-gnu-gcc -c  -ggdb -Wall     conftest.c >&5
configure:11234: $? = 0
configure:11261: powerpc-linux-gnu-gcc -c  -ggdb -Wall     conftest.c >&5
conftest.c: In function 'main':
conftest.c:58: error: expected expression before ')' token
configure:11268: $? = 1
configure: failed program was:
| /* confdefs.h.  */
| #define PACKAGE_NAME "mca"
| #define PACKAGE_TARNAME "mca"
| #define PACKAGE_VERSION "2.0.3"
| #define PACKAGE_STRING "mca 2.0.3"
| #define PACKAGE_BUGREPORT ""
| #define PACKAGE "mca"
| #define VERSION "2.0.3"
| #define STDC_HEADERS 1
| #define HAVE_SYS_TYPES_H 1
| #define HAVE_SYS_STAT_H 1
| #define HAVE_STDLIB_H 1
| #define HAVE_STRING_H 1
| #define HAVE_MEMORY_H 1
| #define HAVE_STRINGS_H 1
| #define HAVE_INTTYPES_H 1
| #define HAVE_STDINT_H 1
| #define HAVE_UNISTD_H 1
| #define HAVE_DLFCN_H 1
| #define LT_OBJDIR ".libs/"
| /* end confdefs.h.  */
| #include <stdio.h>
| #ifdef HAVE_SYS_TYPES_H
| # include <sys/types.h>
| #endif
| #ifdef HAVE_SYS_STAT_H
| # include <sys/stat.h>
| #endif
| #ifdef STDC_HEADERS
| # include <stdlib.h>
| # include <stddef.h>
| #else
| # ifdef HAVE_STDLIB_H
| #  include <stdlib.h>
| # endif
| #endif
| #ifdef HAVE_STRING_H
| # if !defined STDC_HEADERS && defined HAVE_MEMORY_H
| #  include <memory.h>
| # endif
| # include <string.h>
| #endif
| #ifdef HAVE_STRINGS_H
| # include <strings.h>
| #endif
| #ifdef HAVE_INTTYPES_H
| # include <inttypes.h>
| #endif
| #ifdef HAVE_STDINT_H
| # include <stdint.h>
| #endif
| #ifdef HAVE_UNISTD_H
| # include <unistd.h>
| #endif
| int
| main ()
| {
| if (sizeof ((size_t)))
| 	  return 0;
|   ;
|   return 0;
| }
configure:11291: result: yes
configure:11330: result: Optimizing with -O3 by default.
configure:11373: result: GCC Version:  4.4
configure:11380: checking that gcc has the required version (2.9)
configure:11396: result: okay
configure:11411: checking if the user wants to build with debug print support
configure:11442: result: no
configure:11454: checking if the user wants to build for baremetal
configure:11486: result: no
configure:11520: checking for elf_v5
configure:11551: result: no
configure:11560: WARNING: Could not find adl elf_v5 simulator in the path provided in the --with-adl option.
configure:11584: checking if the user wants to build with processor affinity support
configure:11616: result: no
configure:11627: checking if the user wants to use gettimeofday
configure:11659: result: no
configure:11672: checking checking for mtapi_max_tasks
configure:11686: result: 64
configure:11695: checking checking for max_msg_size
configure:11709: result: 1024
configure:11717: checking checking for max_pkt_size
configure:11731: result: 1024
configure:11739: checking checking for max_endpoints
configure:11753: result: 32
configure:11761: checking checking for max_attributes
configure:11775: result: 2
configure:11783: checking checking for max_channels
configure:11797: result: 32
configure:11805: checking checking for max_nodes
configure:11819: result: 16
configure:11827: checking checking for max_domains
configure:11841: result: 2
configure:11849: checking checking for max_buffers
configure:11863: result: 1284
configure:11871: checking checking for max_queue_elements
configure:11885: result: 64
configure:12036: creating ./config.status

## ---------------------- ##
## Running config.status. ##
## ---------------------- ##

This file was extended by mca config.status 2.0.3, which was
generated by GNU Autoconf 2.63.  Invocation command line was

  CONFIG_FILES    = 
  CONFIG_HEADERS  = 
  CONFIG_LINKS    = 
  CONFIG_COMMANDS = 
  $ ./config.status 

on octocore.cs.uh.edu

config.status:1041: creating Makefile
config.status:1041: creating common/Makefile
config.status:1041: creating mrapi/Makefile
config.status:1041: creating mrapi/scripts/Makefile
config.status:1041: creating mrapi/include/Makefile
config.status:1041: creating mrapi/doc/Makefile
config.status:1041: creating mrapi/src/Makefile
config.status:1041: creating mrapi/src/mrapi_impl/Makefile
config.status:1041: creating mrapi/src/mrapi_impl/sysvr4/Makefile
config.status:1041: creating mrapi/src/mrapi_impl/baremetal/Makefile
config.status:1041: creating mrapi/src/mrapi_impl/baremetal/powerpc/Makefile
config.status:1041: creating mrapi/tests/Makefile
config.status:1041: creating mrapi/tests/regress_configure.pm
config.status:1041: creating mcapi/Makefile
config.status:1041: creating mcapi/doc/Makefile
config.status:1041: creating mcapi/scripts/Makefile
config.status:1041: creating mcapi/include/Makefile
config.status:1041: creating mcapi/src/Makefile
config.status:1041: creating mcapi/src/mcapi_trans/Makefile
config.status:1041: creating mcapi/src/mcapi_trans/mcapi_trans_stub/Makefile
config.status:1041: creating mcapi/src/mcapi_trans/mcapi_trans_sm/Makefile
config.status:1041: creating mcapi/src/mcapi_trans/mcapi_trans_sm/mrapi/Makefile
config.status:1041: creating mcapi/tests/Makefile
config.status:1041: creating mtapi/Makefile
config.status:1041: creating mtapi/scripts/Makefile
config.status:1041: creating mtapi/src/Makefile
config.status:1041: creating mtapi/include/Makefile
config.status:1041: creating mtapi/tests/Makefile
config.status:1041: creating conker/Makefile
config.status:1041: creating conker/include/Makefile
config.status:1041: creating conker/src/Makefile
config.status:1041: creating conker/tests/Makefile
config.status:1041: creating conker/scripts/Makefile
config.status:1041: creating mrapi/scripts/mrapi-config
config.status:1041: creating mcapi/scripts/mcapi-config
config.status:1041: creating mtapi/scripts/mtapi-config
config.status:1041: creating mca_config.h
config.status:1257: mca_config.h is unchanged
config.status:1308: executing depfiles commands
config.status:1308: executing libtool commands

## ---------------- ##
## Cache variables. ##
## ---------------- ##

ac_cv_build=x86_64-unknown-linux-gnu
ac_cv_c_compiler_gnu=yes
ac_cv_env_CCASFLAGS_set=
ac_cv_env_CCASFLAGS_value=
ac_cv_env_CCAS_set=
ac_cv_env_CCAS_value=
ac_cv_env_CC_set=
ac_cv_env_CC_value=
ac_cv_env_CFLAGS_set=
ac_cv_env_CFLAGS_value=
ac_cv_env_CPPFLAGS_set=
ac_cv_env_CPPFLAGS_value=
ac_cv_env_CPP_set=
ac_cv_env_CPP_value=
ac_cv_env_LDFLAGS_set=
ac_cv_env_LDFLAGS_value=
ac_cv_env_LIBS_set=
ac_cv_env_LIBS_value=
ac_cv_env_build_alias_set=
ac_cv_env_build_alias_value=
ac_cv_env_host_alias_set=set
ac_cv_env_host_alias_value=powerpc-linux-gnu
ac_cv_env_target_alias_set=
ac_cv_env_target_alias_value=
ac_cv_header_dlfcn_h=yes
ac_cv_header_inttypes_h=yes
ac_cv_header_memory_h=yes
ac_cv_header_stdc=yes
ac_cv_header_stdint_h=yes
ac_cv_header_stdlib_h=yes
ac_cv_header_string_h=yes
ac_cv_header_strings_h=yes
ac_cv_header_sys_stat_h=yes
ac_cv_header_sys_types_h=yes
ac_cv_header_unistd_h=yes
ac_cv_host=powerpc-unknown-linux-gnu
ac_cv_objext=o
ac_cv_path_AdlSim=no
ac_cv_path_EGREP='/bin/grep -E'
ac_cv_path_FGREP='/bin/grep -F'
ac_cv_path_GREP=/bin/grep
ac_cv_path_SED=/bin/sed
ac_cv_path_install='/usr/bin/install -c'
ac_cv_prog_AR=powerpc-linux-gnu-ar
ac_cv_prog_AWK=gawk
ac_cv_prog_CC=powerpc-linux-gnu-gcc
ac_cv_prog_CPP='powerpc-linux-gnu-gcc -E'
ac_cv_prog_OBJDUMP=powerpc-linux-gnu-objdump
ac_cv_prog_RANLIB=powerpc-linux-gnu-ranlib
ac_cv_prog_STRIP=powerpc-linux-gnu-strip
ac_cv_prog_cc_c89=
ac_cv_prog_cc_g=yes
ac_cv_prog_make_make_set=yes
ac_cv_type_size_t=yes
am_cv_CC_dependencies_compiler_type=gcc3
lt_cv_deplibs_check_method=pass_all
lt_cv_file_magic_cmd='$MAGIC_CMD'
lt_cv_file_magic_test_file=
lt_cv_ld_reload_flag=-r
lt_cv_nm_interface='BSD nm'
lt_cv_objdir=.libs
lt_cv_path_LD=/opt/freescale/usr/local/gcc-4.4.78-eglibc-2.10.78-1/powerpc-linux-gnu/powerpc-linux-gnu/bin/ld
lt_cv_path_NM='/opt/freescale/usr/local/gcc-4.4.78-eglibc-2.10.78-1/powerpc-linux-gnu/bin//powerpc-linux-gnu-nm -B'
lt_cv_prog_compiler_c_o=yes
lt_cv_prog_compiler_pic_works=yes
lt_cv_prog_compiler_rtti_exceptions=no
lt_cv_prog_compiler_static_works=yes
lt_cv_prog_gnu_ld=yes
lt_cv_sys_global_symbol_pipe='sed -n -e '\''s/^.*[	 ]\([ABCDGIRSTW][ABCDGIRSTW]*\)[	 ][	 ]*\([_A-Za-z][_A-Za-z0-9]*\)$/\1 \2 \2/p'\'''
lt_cv_sys_global_symbol_to_c_name_address='sed -n -e '\''s/^: \([^ ]*\) $/  {\"\1\", (void *) 0},/p'\'' -e '\''s/^[ABCDGIRSTW]* \([^ ]*\) \([^ ]*\)$/  {"\2", (void *) \&\2},/p'\'''
lt_cv_sys_global_symbol_to_c_name_address_lib_prefix='sed -n -e '\''s/^: \([^ ]*\) $/  {\"\1\", (void *) 0},/p'\'' -e '\''s/^[ABCDGIRSTW]* \([^ ]*\) \(lib[^ ]*\)$/  {"\2", (void *) \&\2},/p'\'' -e '\''s/^[ABCDGIRSTW]* \([^ ]*\) \([^ ]*\)$/  {"lib\2", (void *) \&\2},/p'\'''
lt_cv_sys_global_symbol_to_cdecl='sed -n -e '\''s/^T .* \(.*\)$/extern int \1();/p'\'' -e '\''s/^[ABCDGIRSTW]* .* \(.*\)$/extern char \1;/p'\'''
lt_cv_sys_max_cmd_len=98304

## ----------------- ##
## Output variables. ##
## ----------------- ##

ACLOCAL='${SHELL} /home/pengsun86/mca-2.0.3/missing --run aclocal-1.9'
ADL_SIM='no'
AMDEPBACKSLASH='\'
AMDEP_FALSE='#'
AMDEP_TRUE=''
AMTAR='${SHELL} /home/pengsun86/mca-2.0.3/missing --run tar'
AR='powerpc-linux-gnu-ar'
AUTOCONF='${SHELL} /home/pengsun86/mca-2.0.3/missing --run autoconf'
AUTOHEADER='${SHELL} /home/pengsun86/mca-2.0.3/missing --run autoheader'
AUTOMAKE='${SHELL} /home/pengsun86/mca-2.0.3/missing --run automake-1.9'
AWK='gawk'
AdlSim='no'
BAREMETAL='0'
BAREMETAL_FALSE=''
BAREMETAL_TRUE='#'
CC='powerpc-linux-gnu-gcc'
CCAS='powerpc-linux-gnu-gcc'
CCASFLAGS=' -ggdb -Wall   '
CCDEPMODE='depmode=gcc3'
CFLAGS=' -g -Wall -O3    -ggdb -Wall   '
CPP='powerpc-linux-gnu-gcc -E'
CPPFLAGS=''
CYGPATH_W='echo'
DEFS='-DHAVE_CONFIG_H'
DEPDIR='.deps'
DSYMUTIL=''
DUMPBIN=''
ECHO_C=''
ECHO_N='-n'
ECHO_T=''
EGREP='/bin/grep -E'
EXEEXT=''
FGREP='/bin/grep -F'
GCC_MAJOR='4'
GCC_MINOR='4'
GCC_VERSION='4.4.1'
GREP='/bin/grep'
INSTALL_DATA='${INSTALL} -m 644'
INSTALL_PROGRAM='${INSTALL}'
INSTALL_SCRIPT='${INSTALL}'
INSTALL_STRIP_PROGRAM='${SHELL} $(install_sh) -c -s'
LD='/opt/freescale/usr/local/gcc-4.4.78-eglibc-2.10.78-1/powerpc-linux-gnu/powerpc-linux-gnu/bin/ld'
LDFLAGS='-O3  '
LIBOBJS=''
LIBS=''
LIBTOOL='$(SHELL) $(top_builddir)/libtool'
LIPO=''
LN_S='ln -s'
LTLIBOBJS=''
MAINT='#'
MAINTAINER_MODE_FALSE=''
MAINTAINER_MODE_TRUE='#'
MAKEINFO='${SHELL} /home/pengsun86/mca-2.0.3/missing --run makeinfo'
NM='/opt/freescale/usr/local/gcc-4.4.78-eglibc-2.10.78-1/powerpc-linux-gnu/bin//powerpc-linux-gnu-nm -B'
NMEDIT=''
OBJDUMP='powerpc-linux-gnu-objdump'
OBJEXT='o'
OTOOL64=''
OTOOL=''
PACKAGE='mca'
PACKAGE_BUGREPORT=''
PACKAGE_NAME='mca'
PACKAGE_STRING='mca 2.0.3'
PACKAGE_TARNAME='mca'
PACKAGE_VERSION='2.0.3'
PATH_SEPARATOR=':'
RANLIB='powerpc-linux-gnu-ranlib'
RFLAG='-Wl,-R'
SED='/bin/sed'
SET_MAKE=''
SHELL='/bin/sh'
STRIP='powerpc-linux-gnu-strip'
VERSION='2.0.3'
ac_ct_CC=''
ac_ct_DUMPBIN=''
am__fastdepCC_FALSE='#'
am__fastdepCC_TRUE=''
am__include='include'
am__leading_dot='.'
am__quote=''
am__tar='${AMTAR} chof - "$$tardir"'
am__untar='${AMTAR} xf -'
bindir='${exec_prefix}/bin'
build='x86_64-unknown-linux-gnu'
build_alias=''
build_cpu='x86_64'
build_os='linux-gnu'
build_vendor='unknown'
datadir='${datarootdir}'
datarootdir='${prefix}/share'
docdir='${datarootdir}/doc/${PACKAGE_TARNAME}'
dvidir='${docdir}'
exec_prefix='${prefix}'
host='powerpc-unknown-linux-gnu'
host_alias='powerpc-linux-gnu'
host_cpu='powerpc'
host_os='linux-gnu'
host_vendor='unknown'
htmldir='${docdir}'
includedir='${prefix}/include'
infodir='${datarootdir}/info'
install_sh='/home/pengsun86/mca-2.0.3/install-sh'
libdir='${exec_prefix}/lib'
libexecdir='${exec_prefix}/libexec'
localedir='${datarootdir}/locale'
localstatedir='${prefix}/var'
lt_ECHO='echo'
mandir='${datarootdir}/man'
mkdir_p='mkdir -p --'
oldincludedir='/usr/include'
pdfdir='${docdir}'
prefix='/home/pengsun86/mca-build'
program_transform_name='s,x,x,'
psdir='${docdir}'
sbindir='${exec_prefix}/sbin'
sharedstatedir='${prefix}/com'
sysconfdir='${prefix}/etc'
target_alias=''

## ----------- ##
## confdefs.h. ##
## ----------- ##

#define PACKAGE_NAME "mca"
#define PACKAGE_TARNAME "mca"
#define PACKAGE_VERSION "2.0.3"
#define PACKAGE_STRING "mca 2.0.3"
#define PACKAGE_BUGREPORT ""
#define PACKAGE "mca"
#define VERSION "2.0.3"
#define STDC_HEADERS 1
#define HAVE_SYS_TYPES_H 1
#define HAVE_SYS_STAT_H 1
#define HAVE_STDLIB_H 1
#define HAVE_STRING_H 1
#define HAVE_MEMORY_H 1
#define HAVE_STRINGS_H 1
#define HAVE_INTTYPES_H 1
#define HAVE_STDINT_H 1
#define HAVE_UNISTD_H 1
#define HAVE_DLFCN_H 1
#define LT_OBJDIR ".libs/"
#define MCA_WITH_DEBUG 0
#define MRAPI_WITH_BAREMETAL 0
#define CONKER_WITH_AFFINITY 0
#define CONKER_WITH_GETTIMEOFDAY 0
#define MTAPI_MAX_TASKS 64
#define MCAPI_MAX_MSG_SIZE 1024
#define MCAPI_MAX_PKT_SIZE 1024
#define MCAPI_MAX_ENDPOINTS 32
#define MCAPI_MAX_ATTRIBUTES 2
#define MCAPI_MAX_CHANNELS 32
#define MCA_MAX_NODES 16
#define MCA_MAX_DOMAINS 2
#define MCAPI_MAX_BUFFERS 1284
#define MCAPI_MAX_QUEUE_ELEMENTS 64

configure: exit 0
