autoscan: warning: missing AC_CHECK_FUNCS([alarm]) wanted by: 
	mrapi/src/mrapi_impl/mrapi_impl_spec.c:4036
	mrapi/src/mrapi_impl/mrapi_impl_spec.c:4089
	mrapi/src/mrapi_impl/mrapi_impl_spec.c:4116
	test/mrapi_impl_spec.c:4022
	test/mrapi_impl_spec.c:4075
	test/mrapi_impl_spec.c:4102
autoscan: warning: missing AC_CHECK_FUNCS([gettimeofday]) wanted by: 
	mcapi/tests/msg7.c:109
	mcapi/tests/pkt5.c:180
	mcapi/tests/msg11.c:178
	mcapi/tests/pkt7.c:182
autoscan: warning: missing AC_CHECK_FUNCS([memset]) wanted by: 
	mcapi/src/mcapi.c:57
	mcapi/src/mcapi_trans/mcapi_trans_sm/transport_sm.c:405
	mcapi/src/mcapi_trans/mcapi_trans_sm/transport_sm.c:522
	mcapi/src/mcapi_trans/mcapi_trans_sm/transport_sm.c:597
	mcapi/src/mcapi_trans/mcapi_trans_sm/transport_sm.c:1694
	mcapi/src/mcapi_trans/mcapi_trans_sm/transport_sm.c:2252
	mcapi/src/mcapi_trans/mcapi_trans_sm/transport_sm.c:2735
	mcapi/src/mcapi_trans/mcapi_trans_sm/transport_sm.c:2856
	mcapi/src/mcapi_trans/mcapi_trans_sm/transport_sm.c:3490
	mcapi/tests/pkt6.c:251
	mcapi/tests/pkt6.c:385
	mcapi/tests/pkt5.c:173
	mcapi/tests/pkt5.c:174
	mcapi/tests/tc_echo_single_thread.c:85
	mcapi/tests/scl2.c:233
	mcapi/tests/msg11.c:171
	mcapi/tests/msg11.c:172
	mcapi/tests/pkt7.c:175
	mcapi/tests/pkt7.c:176
	mcapi/tests/msg13.c:117
	mrapi/src/mrapi.c:51
	mrapi/src/mrapi_impl/mrapi_impl_spec.c:296
	mrapi/src/mrapi_impl/mrapi_impl_spec.c:1038
	mrapi/src/mrapi_impl/mrapi_impl_spec.c:2006
	mrapi/src/mrapi_impl/mrapi_impl_spec.c:2550
	mrapi/src/mrapi_impl/sysvr4/sysvr4.c:406
	mrapi/src/mrapi_impl/baremetal/powerpc/mrapi_powerpc.c:84
	mrapi/src/mrapi_impl/baremetal/powerpc/mrapi_powerpc.c:339
	mrapi/tests/rmem5.c:103
	mrapi/tests/rmem5.c:104
	mrapi/tests/rmem5.c:197
	mrapi/tests/rmem5.c:206
	mrapi/tests/rmem5.c:225
	mrapi/tests/test_sysvr4.c:134
	mrapi/tests/rmem3.c:92
	mrapi/tests/rmem3.c:93
	mrapi/tests/rmem3.c:94
	mrapi/tests/rmem3.c:95
	mrapi/tests/rmem3.c:215
	mrapi/tests/rmem3.c:243
	mrapi/tests/mrapi.c:51
	mrapi/tests/rmem2.c:90
	mrapi/tests/rmem2.c:91
	mrapi/tests/rmem2.c:92
	mrapi/tests/rmem2.c:93
	test/mrapi_impl_spec.c:296
	test/mrapi_impl_spec.c:1031
	test/mrapi_impl_spec.c:1992
	test/mrapi_impl_spec.c:2536
	test/mrapi.c:51
autoscan: warning: missing AC_CHECK_FUNCS([strerror]) wanted by: 
	mrapi/src/mrapi_impl/mrapi_impl_spec.c:164
	mrapi/src/mrapi_impl/mrapi_impl_spec.c:165
	mrapi/src/mrapi_impl/mrapi_impl_spec.c:167
	mrapi/src/mrapi_impl/mrapi_impl_spec.c:196
	mrapi/src/mrapi_impl/mrapi_impl_spec.c:1080
	mrapi/src/mrapi_impl/mrapi_impl_spec.c:1098
	mrapi/src/mrapi_impl/sysvr4/sysvr4.c:101
	mrapi/src/mrapi_impl/sysvr4/sysvr4.c:156
	mrapi/src/mrapi_impl/sysvr4/sysvr4.c:204
	mrapi/src/mrapi_impl/sysvr4/sysvr4.c:210
	mrapi/src/mrapi_impl/sysvr4/sysvr4.c:234
	mrapi/src/mrapi_impl/sysvr4/sysvr4.c:255
	mrapi/src/mrapi_impl/sysvr4/sysvr4.c:277
	mrapi/src/mrapi_impl/sysvr4/sysvr4.c:301
	mrapi/src/mrapi_impl/sysvr4/sysvr4.c:329
	mrapi/src/mrapi_impl/sysvr4/sysvr4.c:351
	mrapi/src/mrapi_impl/sysvr4/sysvr4.c:372
	mrapi/src/mrapi_impl/sysvr4/sysvr4.c:393
	mrapi/src/mrapi_impl/sysvr4/sysvr4.c:398
	mrapi/src/mrapi_impl/baremetal/powerpc/mrapi_powerpc.c:235
	mrapi/src/mrapi_impl/baremetal/powerpc/mrapi_powerpc.c:263
	mrapi/src/mrapi_impl/baremetal/powerpc/mrapi_powerpc.c:285
	mrapi/src/mrapi_impl/baremetal/powerpc/mrapi_powerpc.c:306
	mrapi/src/mrapi_impl/baremetal/powerpc/mrapi_powerpc.c:327
	mrapi/src/mrapi_impl/baremetal/powerpc/mrapi_powerpc.c:332
	mrapi/tests/test_sysvr4.c:58
	mrapi/tests/test_sysvr4.c:66
	mrapi/tests/test_sysvr4.c:83
	mrapi/tests/test_sysvr4.c:95
	mrapi/tests/test_sysvr4.c:106
	mrapi/tests/test_sysvr4.c:118
	mrapi/tests/test_sysvr4.c:124
	mrapi/tests/test_sysvr4.c:128
	mrapi/tests/test_sysvr4.c:149
	mrapi/tests/test_sysvr4.c:156
	test/mrapi_impl_spec.c:164
	test/mrapi_impl_spec.c:165
	test/mrapi_impl_spec.c:167
	test/mrapi_impl_spec.c:196
	test/mrapi_impl_spec.c:1072
	test/mrapi_impl_spec.c:1089
autoscan: warning: missing AC_CHECK_HEADERS([malloc.h]) wanted by: 
	mcapi/tests/msg12.c:44
autoscan: warning: missing AC_CHECK_HEADERS([stddef.h]) wanted by: 
	mcapi/src/mcapi_trans/mcapi_trans_stub/mcapi_impl_spec.h:41
	mcapi/src/mcapi_trans/mcapi_trans_sm/mcapi_impl_spec.h:42
	mcapi/include/mcapi.h:9
	mrapi/src/mrapi_impl/mrapi.h:42
	mrapi/include/mrapi.h:42
	mrapi/tests/mrapi.h:42
	test/mrapi.h:42
	mtapi/include/mcapi_impl_spec.h:42
autoscan: warning: missing AC_CHECK_HEADERS([sys/time.h]) wanted by: 
	mcapi/tests/msg7.c:48
	mcapi/tests/pkt5.c:49
	mcapi/tests/msg11.c:48
	mcapi/tests/pkt7.c:49
autoscan: warning: missing AC_C_INLINE wanted by: 
	common/mca_utils.c:91
	common/mca_utils.c:106
	common/mca_utils.h:52
	mcapi/src/mcapi_trans/mcapi_trans_sm/transport_sm.c:173
	mcapi/src/mcapi_trans/mcapi_trans_sm/transport_sm.c:3711
	mrapi/src/mrapi_impl/mrapi_impl_spec.c:214
	mrapi/src/mrapi_impl/mca_utils.h:52
	mrapi/src/mrapi_impl/baremetal/powerpc/mrapi_powerpc_lock.h:75
	mrapi/src/mrapi_impl/baremetal/powerpc/mrapi_powerpc_lock.h:97
	mrapi/src/mrapi_impl/baremetal/powerpc/mrapi_powerpc_lock.h:106
	test/mrapi_impl_spec.c:214
	test/mca_utils.c:91
	test/mca_utils.c:106
	test/mca_utils.h:52
	conker/include/conker_utils.h:87
autoscan: warning: missing AC_FUNC_ERROR_AT_LINE wanted by: 
	mcapi/tests/node2.c:88
	mcapi/tests/node2.c:99
	mcapi/tests/node2.c:110
	mcapi/tests/node2.c:121
	mcapi/tests/node2.c:139
	mcapi/tests/node2.c:147
	mcapi/tests/node2.c:155
	mcapi/tests/node2.c:163
	mcapi/tests/node2.c:168
	mcapi/tests/node2.c:175
	mcapi/tests/node2.c:183
	mcapi/tests/node2.c:190
	mcapi/tests/node2.c:197
	mcapi/tests/node2.c:204
	mcapi/tests/node2.c:210
	mcapi/tests/multiMessage_single_thread.c:66
	mcapi/tests/multiMessage.c:62
autoscan: warning: missing AC_FUNC_FORK wanted by: 
	mcapi/tests/sig7.c:89
	mcapi/tests/sig3.c:257
	mcapi/tests/msg16.c:88
	mcapi/tests/mtapi_test3.c:191
	mcapi/tests/sig6.c:87
	mtapi/tests/mtapi_test2.c:81
	mtapi/tests/mtapi_test3.c:189
autoscan: warning: missing AC_FUNC_MALLOC wanted by: 
	mcapi/tests/multiMessage_single_thread.c:203
	mcapi/tests/multiMessage_single_thread.c:300
	mcapi/tests/msg12.c:65
	mcapi/tests/multiMessage.c:221
	mcapi/tests/multiMessage.c:313
	mrapi/src/mrapi_impl/mrapi_impl_spec.c:3609
	mrapi/src/mrapi_impl/mrapi_impl_spec.c:3610
	mrapi/src/mrapi_impl/mrapi_impl_spec.c:3614
	mrapi/src/mrapi_impl/mrapi_impl_spec.c:3689
	mrapi/src/mrapi_impl/mrapi_impl_spec.c:3692
	mrapi/src/mrapi_impl/mrapi_impl_spec.c:3700
	mrapi/src/mrapi_impl/mrapi_impl_spec.c:3701
	mrapi/src/mrapi_impl/mrapi_impl_spec.c:3703
	mrapi/src/mrapi_impl/mrapi_impl_spec.c:3705
	mrapi/src/mrapi_impl/mrapi_impl_spec.c:3710
	mrapi/src/mrapi_impl/mrapi_impl_spec.c:3714
	mrapi/src/mrapi_impl/mrapi_impl_spec.c:3724
	mrapi/src/mrapi_impl/mrapi_impl_spec.c:3730
	mrapi/src/mrapi_impl/mrapi_impl_spec.c:3736
	mrapi/tests/rmem1.c:133
	mrapi/tests/rmem1.c:146
	mrapi/tests/barrier1.c:105
	mrapi/tests/barrier1.c:106
	test/mrapi_impl_spec.c:3595
	test/mrapi_impl_spec.c:3596
	test/mrapi_impl_spec.c:3600
	test/mrapi_impl_spec.c:3675
	test/mrapi_impl_spec.c:3678
	test/mrapi_impl_spec.c:3686
	test/mrapi_impl_spec.c:3687
	test/mrapi_impl_spec.c:3689
	test/mrapi_impl_spec.c:3691
	test/mrapi_impl_spec.c:3696
	test/mrapi_impl_spec.c:3700
	test/mrapi_impl_spec.c:3710
	test/mrapi_impl_spec.c:3716
	test/mrapi_impl_spec.c:3722
	mtapi/src/linklist.c:14
	mtapi/src/mtapi_runtime.c:281
	mtapi/src/mtapi_runtime.c:303
	mtapi/src/mtapi_runtime.c:329
	mtapi/src/mtapi_runtime.c:358
	mtapi/src/mtapi_runtime.c:360
	mtapi/src/mtapi_runtime.c:362
	mtapi/src/mtapi_runtime.c:372
	mtapi/src/mtapi_runtime.c:464
	mtapi/src/mtapi_runtime.c:477
	mtapi/src/mtapi_runtime.c:604
	mtapi/src/mtapi_runtime.c:627
	mtapi/src/mtapi_runtime.c:727
	mtapi/src/mtapi_runtime.c:745
	mtapi/src/mtapi_runtime.c:801
	mtapi/src/mtapi_runtime.c:815
	mtapi/src/mtapi_runtime.c:828
	mtapi/src/mtapi_runtime.c:838
	mtapi/src/mtapi_runtime.c:905
	mtapi/src/mtapi_runtime.c:918
	mtapi/src/mtapi_runtime.c:931
	mtapi/src/mtapi_runtime.c:940
	mtapi/src/mtapi_runtime.c:1028
	mtapi/src/mtapi_runtime.c:1272
	mtapi/src/mtapi_runtime.c:1280
	mtapi/src/mtapi_runtime.c:1322
	mtapi/src/mtapi_runtime.c:1323
	mtapi/src/mtapi_runtime.c:1422
	mtapi/src/mtapi_runtime.c:1445
	mtapi/src/mtapi_runtime.c:1446
	mtapi/src/mtapi_runtime.c:1567
	mtapi/src/mtapi_runtime.c:1579
	mtapi/src/mtapi_runtime.c:1660
	mtapi/include/threadpool.c:118
	mtapi/include/threadpool.c:172
	mtapi/include/threadpool.c:188
	mtapi/include/threadpool.c:196
autoscan: warning: missing AC_HEADER_STDBOOL wanted by: 
	mcapi/src/mcapi_trans/mcapi_trans_sm/transport_sm.c:298
autoscan: warning: missing AC_PROG_CXX wanted by: 
	ltmain.sh:677
	ltmain.sh:1015
	ltmain.sh:1022
	ltmain.sh:1022
	ltmain.sh:1022
	ltmain.sh:1022
	ltmain.sh:1031
	ltmain.sh:1037
	ltmain.sh:1037
	ltmain.sh:1037
	ltmain.sh:1037
	mcapi/src/mcapi_trans/mcapi_trans_stub/Makefile.am:14
	mcapi/src/mcapi_trans/mcapi_trans_sm/mrapi/Makefile.am:21
autoscan: warning: missing AC_PROG_RANLIB wanted by: 
	ltmain.sh:1601
autoscan: warning: missing AC_TYPE_INT32_T wanted by: 
	mcapi/src/mcapi_trans/mcapi_trans_sm/transport_sm.h:119
	mcapi/src/mcapi_trans/mcapi_trans_sm/transport_sm.c:3259
	mrapi/src/mrapi_impl/mrapi_impl_spec.h:171
	mrapi/src/mrapi_impl/mrapi_impl_spec.h:173
	mrapi/src/mrapi_impl/mrapi_impl_spec.h:174
	mrapi/src/mrapi_impl/mrapi_impl_spec.h:175
	mrapi/src/mrapi_impl/mrapi_impl_spec.h:188
	mrapi/src/mrapi_impl/mrapi_impl_spec.h:189
	mrapi/src/mrapi_impl/mrapi_impl_spec.h:199
	mrapi/src/mrapi_impl/mrapi_impl_spec.h:238
	mrapi/src/mrapi_impl/mrapi_impl_spec.h:240
	mrapi/src/mrapi_impl/mrapi_impl_spec.h:342
	mrapi/src/mrapi_impl/mrapi_impl_spec.h:346
	mrapi/src/mrapi_impl/mrapi_impl_spec.c:81
	mrapi/src/mrapi_impl/mrapi_impl_spec.c:82
	mrapi/src/mrapi_impl/mrapi_impl_spec.c:86
	mrapi/src/mrapi_impl/mrapi_impl_spec.c:2682
	mrapi/src/mrapi_impl/mrapi_impl_spec.c:2739
	mrapi/src/mrapi_impl/mrapi_impl_spec.c:2740
	mrapi/src/mrapi_impl/mrapi_impl_spec.c:2750
	mrapi/src/mrapi_impl/mrapi_impl_spec.c:2797
	mrapi/src/mrapi_impl/mrapi_impl_spec.c:2814
	test/mrapi_impl_spec.h:171
	test/mrapi_impl_spec.h:173
	test/mrapi_impl_spec.h:174
	test/mrapi_impl_spec.h:175
	test/mrapi_impl_spec.h:188
	test/mrapi_impl_spec.h:189
	test/mrapi_impl_spec.h:199
	test/mrapi_impl_spec.h:238
	test/mrapi_impl_spec.h:240
	test/mrapi_impl_spec.h:342
	test/mrapi_impl_spec.h:346
	test/mrapi_impl_spec.c:81
	test/mrapi_impl_spec.c:82
	test/mrapi_impl_spec.c:86
	test/mrapi_impl_spec.c:2668
	test/mrapi_impl_spec.c:2725
	test/mrapi_impl_spec.c:2726
	test/mrapi_impl_spec.c:2736
	test/mrapi_impl_spec.c:2783
	test/mrapi_impl_spec.c:2800
autoscan: warning: missing AC_TYPE_PID_T wanted by: 
	mcapi/src/mcapi_trans/mcapi_trans_sm/transport_sm.h:159
	mcapi/src/mcapi_trans/mcapi_trans_sm/transport_sm.c:218
	mcapi/tests/sig7.c:74
	mcapi/tests/sig3.c:248
	mcapi/tests/msg16.c:72
	mcapi/tests/mtapi_test3.c:180
	mcapi/tests/mtapi_test3.c:181
	mcapi/tests/sig6.c:72
	mrapi/src/mrapi_impl/mrapi_impl_spec.h:210
	mrapi/src/mrapi_impl/mrapi_impl_spec.c:55
	mrapi/src/mrapi_impl/mrapi_impl_spec.c:746
	test/mrapi_impl_spec.h:210
	test/mrapi_impl_spec.c:55
	test/mrapi_impl_spec.c:746
	mtapi/tests/mtapi_test2.c:71
	mtapi/tests/mtapi_test3.c:180
autoscan: warning: missing AC_TYPE_UID_T wanted by: 
	mcapi/src/mcapi_trans/mcapi_trans_sm/transport_sm.c:377
	mrapi/src/mrapi_impl/mrapi_impl_spec.c:1022
	test/mrapi_impl_spec.c:1017
autoscan: warning: missing AC_TYPE_UINT16_T wanted by: 
	mcapi/src/mcapi_trans/mcapi_trans_sm/mcapi_impl_spec.h:98
	mcapi/src/mcapi_trans/mcapi_trans_sm/transport_sm.h:131
	mcapi/src/mcapi_trans/mcapi_trans_sm/transport_sm.h:132
	mcapi/src/mcapi_trans/mcapi_trans_sm/transport_sm.h:148
	mcapi/src/mcapi_trans/mcapi_trans_sm/transport_sm.h:165
	mcapi/src/mcapi_trans/mcapi_trans_sm/transport_sm.h:178
	mcapi/src/mcapi_trans/mcapi_trans_sm/transport_sm.c:106
	mcapi/src/mcapi_trans/mcapi_trans_sm/transport_sm.c:109
	mcapi/src/mcapi_trans/mcapi_trans_sm/transport_sm.c:110
	mcapi/src/mcapi_trans/mcapi_trans_sm/transport_sm.c:111
	mcapi/src/mcapi_trans/mcapi_trans_sm/transport_sm.c:113
	mcapi/src/mcapi_trans/mcapi_trans_sm/transport_sm.c:114
	mcapi/src/mcapi_trans/mcapi_trans_sm/transport_sm.c:115
	mcapi/src/mcapi_trans/mcapi_trans_sm/transport_sm.c:118
	mcapi/src/mcapi_trans/mcapi_trans_sm/transport_sm.c:118
	mcapi/src/mcapi_trans/mcapi_trans_sm/transport_sm.c:118
	mcapi/src/mcapi_trans/mcapi_trans_sm/transport_sm.c:119
	mcapi/src/mcapi_trans/mcapi_trans_sm/transport_sm.c:119
	mcapi/src/mcapi_trans/mcapi_trans_sm/transport_sm.c:119
	mcapi/src/mcapi_trans/mcapi_trans_sm/transport_sm.c:124
	mcapi/src/mcapi_trans/mcapi_trans_sm/transport_sm.c:124
	mcapi/src/mcapi_trans/mcapi_trans_sm/transport_sm.c:124
	mcapi/src/mcapi_trans/mcapi_trans_sm/transport_sm.c:131
	mcapi/src/mcapi_trans/mcapi_trans_sm/transport_sm.c:131
	mcapi/src/mcapi_trans/mcapi_trans_sm/transport_sm.c:131
	mcapi/src/mcapi_trans/mcapi_trans_sm/transport_sm.c:143
	mcapi/src/mcapi_trans/mcapi_trans_sm/transport_sm.c:143
	mcapi/src/mcapi_trans/mcapi_trans_sm/transport_sm.c:143
	mcapi/src/mcapi_trans/mcapi_trans_sm/transport_sm.c:145
	mcapi/src/mcapi_trans/mcapi_trans_sm/transport_sm.c:145
	mcapi/src/mcapi_trans/mcapi_trans_sm/transport_sm.c:145
	mcapi/src/mcapi_trans/mcapi_trans_sm/transport_sm.c:771
	mcapi/src/mcapi_trans/mcapi_trans_sm/transport_sm.c:794
	mcapi/src/mcapi_trans/mcapi_trans_sm/transport_sm.c:824
	mcapi/src/mcapi_trans/mcapi_trans_sm/transport_sm.c:877
	mcapi/src/mcapi_trans/mcapi_trans_sm/transport_sm.c:951
	mcapi/src/mcapi_trans/mcapi_trans_sm/transport_sm.c:952
	mcapi/src/mcapi_trans/mcapi_trans_sm/transport_sm.c:979
	mcapi/src/mcapi_trans/mcapi_trans_sm/transport_sm.c:1003
	mcapi/src/mcapi_trans/mcapi_trans_sm/transport_sm.c:1026
	mcapi/src/mcapi_trans/mcapi_trans_sm/transport_sm.c:1049
	mcapi/src/mcapi_trans/mcapi_trans_sm/transport_sm.c:1072
	mcapi/src/mcapi_trans/mcapi_trans_sm/transport_sm.c:1095
	mcapi/src/mcapi_trans/mcapi_trans_sm/transport_sm.c:1121
	mcapi/src/mcapi_trans/mcapi_trans_sm/transport_sm.c:1157
	mcapi/src/mcapi_trans/mcapi_trans_sm/transport_sm.c:1191
	mcapi/src/mcapi_trans/mcapi_trans_sm/transport_sm.c:1224
	mcapi/src/mcapi_trans/mcapi_trans_sm/transport_sm.c:1258
	mcapi/src/mcapi_trans/mcapi_trans_sm/transport_sm.c:1360
	mcapi/src/mcapi_trans/mcapi_trans_sm/transport_sm.c:1418
	mcapi/src/mcapi_trans/mcapi_trans_sm/transport_sm.c:1520
	mcapi/src/mcapi_trans/mcapi_trans_sm/transport_sm.c:1680
	mcapi/src/mcapi_trans/mcapi_trans_sm/transport_sm.c:1756
	mcapi/src/mcapi_trans/mcapi_trans_sm/transport_sm.c:1757
	mcapi/src/mcapi_trans/mcapi_trans_sm/transport_sm.c:1839
	mcapi/src/mcapi_trans/mcapi_trans_sm/transport_sm.c:1879
	mcapi/src/mcapi_trans/mcapi_trans_sm/transport_sm.c:1954
	mcapi/src/mcapi_trans/mcapi_trans_sm/transport_sm.c:2011
	mcapi/src/mcapi_trans/mcapi_trans_sm/transport_sm.c:2067
	mcapi/src/mcapi_trans/mcapi_trans_sm/transport_sm.c:2145
	mcapi/src/mcapi_trans/mcapi_trans_sm/transport_sm.c:2215
	mcapi/src/mcapi_trans/mcapi_trans_sm/transport_sm.c:2275
	mcapi/src/mcapi_trans/mcapi_trans_sm/transport_sm.c:2311
	mcapi/src/mcapi_trans/mcapi_trans_sm/transport_sm.c:2396
	mcapi/src/mcapi_trans/mcapi_trans_sm/transport_sm.c:2452
	mcapi/src/mcapi_trans/mcapi_trans_sm/transport_sm.c:2504
	mcapi/src/mcapi_trans/mcapi_trans_sm/transport_sm.c:2536
	mcapi/src/mcapi_trans/mcapi_trans_sm/transport_sm.c:2572
	mcapi/src/mcapi_trans/mcapi_trans_sm/transport_sm.c:2603
	mcapi/src/mcapi_trans/mcapi_trans_sm/transport_sm.c:2643
	mcapi/src/mcapi_trans/mcapi_trans_sm/transport_sm.c:2695
	mcapi/src/mcapi_trans/mcapi_trans_sm/transport_sm.c:2763
	mcapi/src/mcapi_trans/mcapi_trans_sm/transport_sm.c:2828
	mcapi/src/mcapi_trans/mcapi_trans_sm/transport_sm.c:2975
	mcapi/src/mcapi_trans/mcapi_trans_sm/transport_sm.c:3043
	mcapi/src/mcapi_trans/mcapi_trans_sm/transport_sm.c:3082
	mcapi/src/mcapi_trans/mcapi_trans_sm/transport_sm.c:3149
	mcapi/src/mcapi_trans/mcapi_trans_sm/transport_sm.c:3171
	mcapi/src/mcapi_trans/mcapi_trans_sm/transport_sm.c:3195
	mcapi/src/mcapi_trans/mcapi_trans_sm/transport_sm.c:3252
	mcapi/src/mcapi_trans/mcapi_trans_sm/transport_sm.c:3317
	mcapi/src/mcapi_trans/mcapi_trans_sm/transport_sm.c:3318
	mcapi/src/mcapi_trans/mcapi_trans_sm/transport_sm.c:3360
	mcapi/src/mcapi_trans/mcapi_trans_sm/transport_sm.c:3360
	mcapi/src/mcapi_trans/mcapi_trans_sm/transport_sm.c:3360
	mcapi/src/mcapi_trans/mcapi_trans_sm/transport_sm.c:3361
	mcapi/src/mcapi_trans/mcapi_trans_sm/transport_sm.c:3361
	mcapi/src/mcapi_trans/mcapi_trans_sm/transport_sm.c:3361
	mcapi/src/mcapi_trans/mcapi_trans_sm/transport_sm.c:3440
	mcapi/src/mcapi_trans/mcapi_trans_sm/transport_sm.c:3440
	mcapi/src/mcapi_trans/mcapi_trans_sm/transport_sm.c:3440
	mcapi/src/mcapi_trans/mcapi_trans_sm/transport_sm.c:3515
	mcapi/src/mcapi_trans/mcapi_trans_sm/transport_sm.c:3515
	mcapi/src/mcapi_trans/mcapi_trans_sm/transport_sm.c:3515
	mcapi/src/mcapi_trans/mcapi_trans_sm/transport_sm.c:3549
	mcapi/src/mcapi_trans/mcapi_trans_sm/transport_sm.c:3549
	mcapi/src/mcapi_trans/mcapi_trans_sm/transport_sm.c:3549
	mcapi/src/mcapi_trans/mcapi_trans_sm/transport_sm.c:3568
	mcapi/src/mcapi_trans/mcapi_trans_sm/transport_sm.c:3568
	mcapi/src/mcapi_trans/mcapi_trans_sm/transport_sm.c:3568
	mcapi/src/mcapi_trans/mcapi_trans_sm/transport_sm.c:3651
	mcapi/src/mcapi_trans/mcapi_trans_sm/transport_sm.c:3651
	mcapi/src/mcapi_trans/mcapi_trans_sm/transport_sm.c:3651
	mcapi/src/mcapi_trans/mcapi_trans_sm/transport_sm.c:3679
	mcapi/src/mcapi_trans/mcapi_trans_sm/transport_sm.c:3679
	mcapi/src/mcapi_trans/mcapi_trans_sm/transport_sm.c:3680
	mcapi/src/mcapi_trans/mcapi_trans_sm/transport_sm.c:3752
	mrapi/src/mrapi_impl/resource_tree.h:58
	mrapi/src/mrapi_impl/resource_tree.h:72
	mrapi/src/mrapi_impl/resource_tree.h:87
	mrapi/src/mrapi_impl/resource_tree.h:88
	mrapi/src/mrapi_impl/resource_tree.h:104
	mrapi/src/mrapi_impl/resource_tree.h:105
	mrapi/src/mrapi_impl/resource_tree.h:121
	mrapi/src/mrapi_impl/mrapi_impl_spec.c:111
	mrapi/src/mrapi_impl/mrapi_impl_spec.c:113
	mrapi/src/mrapi_impl/mrapi_impl_spec.c:116
	mrapi/src/mrapi_impl/mrapi_impl_spec.c:119
	mrapi/src/mrapi_impl/mrapi_impl_spec.c:121
	mrapi/src/mrapi_impl/mrapi_impl_spec.c:127
	mrapi/src/mrapi_impl/mrapi_impl_spec.c:241
	mrapi/src/mrapi_impl/mrapi_impl_spec.c:257
	mrapi/src/mrapi_impl/mrapi_impl_spec.c:281
	mrapi/src/mrapi_impl/mrapi_impl_spec.c:323
	mrapi/src/mrapi_impl/mrapi_impl_spec.c:400
	mrapi/src/mrapi_impl/mrapi_impl_spec.c:482
	mrapi/src/mrapi_impl/mrapi_impl_spec.c:526
	mrapi/src/mrapi_impl/mrapi_impl_spec.c:1284
	mrapi/src/mrapi_impl/mrapi_impl_spec.c:1390
	mrapi/src/mrapi_impl/mrapi_impl_spec.c:1476
	mrapi/src/mrapi_impl/mrapi_impl_spec.c:1538
	mrapi/src/mrapi_impl/mrapi_impl_spec.c:1595
	mrapi/src/mrapi_impl/mrapi_impl_spec.c:1688
	mrapi/src/mrapi_impl/mrapi_impl_spec.c:1764
	mrapi/src/mrapi_impl/mrapi_impl_spec.c:1807
	mrapi/src/mrapi_impl/mrapi_impl_spec.c:1846
	mrapi/src/mrapi_impl/mrapi_impl_spec.c:2137
	mrapi/src/mrapi_impl/mrapi_impl_spec.c:2200
	mrapi/src/mrapi_impl/mrapi_impl_spec.c:2241
	mrapi/src/mrapi_impl/mrapi_impl_spec.c:2280
	mrapi/src/mrapi_impl/mrapi_impl_spec.c:2371
	mrapi/src/mrapi_impl/mrapi_impl_spec.c:2466
	mrapi/src/mrapi_impl/mrapi_impl_spec.c:2592
	mrapi/src/mrapi_impl/mrapi_impl_spec.c:2688
	mrapi/src/mrapi_impl/mrapi_impl_spec.c:2749
	mrapi/src/mrapi_impl/mrapi_impl_spec.c:2819
	mrapi/src/mrapi_impl/mrapi_impl_spec.c:2929
	mrapi/src/mrapi_impl/mrapi_impl_spec.c:3145
	mrapi/src/mrapi_impl/mrapi_impl_spec.c:3222
	mrapi/src/mrapi_impl/mrapi_impl_spec.c:3249
	mrapi/src/mrapi_impl/mrapi_impl_spec.c:3286
	mrapi/src/mrapi_impl/mrapi_impl_spec.c:3322
	mrapi/src/mrapi_impl/mrapi_impl_spec.c:3415
	mrapi/src/mrapi_impl/mrapi_impl_spec.c:3527
	mrapi/src/mrapi_impl/mrapi_impl_spec.c:3580
	mrapi/src/mrapi_impl/mrapi_impl_spec.c:3583
	mrapi/src/mrapi_impl/mrapi_impl_spec.c:3637
	mrapi/src/mrapi_impl/mrapi_impl_spec.c:3639
	mrapi/src/mrapi_impl/mrapi_impl_spec.c:3640
	mrapi/src/mrapi_impl/mrapi_impl_spec.c:3641
	mrapi/src/mrapi_impl/mrapi_impl_spec.c:3664
	mrapi/src/mrapi_impl/mrapi_impl_spec.c:3666
	mrapi/src/mrapi_impl/mrapi_impl_spec.c:3668
	mrapi/src/mrapi_impl/mrapi_impl_spec.c:3669
	mrapi/src/mrapi_impl/mrapi_impl_spec.c:3710
	mrapi/src/mrapi_impl/mrapi_impl_spec.c:3711
	mrapi/src/mrapi_impl/mrapi_impl_spec.c:3711
	mrapi/src/mrapi_impl/mrapi_impl_spec.c:3779
	mrapi/src/mrapi_impl/mrapi_impl_spec.c:3780
	mrapi/src/mrapi_impl/mrapi_impl_spec.c:3781
	mrapi/src/mrapi_impl/mrapi_impl_spec.c:3846
	mrapi/src/mrapi_impl/mrapi_impl_spec.c:3846
	mrapi/src/mrapi_impl/mrapi_impl_spec.c:3847
	mrapi/src/mrapi_impl/mrapi_impl_spec.c:3894
	mrapi/src/mrapi_impl/mrapi_impl_spec.c:4122
	mrapi/tests/resource_attributes.c:55
	mrapi/tests/resource_attributes.c:98
	mrapi/tests/resource_attributes.c:112
	test/mrapi_impl_spec.c:111
	test/mrapi_impl_spec.c:113
	test/mrapi_impl_spec.c:116
	test/mrapi_impl_spec.c:119
	test/mrapi_impl_spec.c:121
	test/mrapi_impl_spec.c:127
	test/mrapi_impl_spec.c:241
	test/mrapi_impl_spec.c:257
	test/mrapi_impl_spec.c:281
	test/mrapi_impl_spec.c:323
	test/mrapi_impl_spec.c:400
	test/mrapi_impl_spec.c:482
	test/mrapi_impl_spec.c:526
	test/mrapi_impl_spec.c:1270
	test/mrapi_impl_spec.c:1376
	test/mrapi_impl_spec.c:1462
	test/mrapi_impl_spec.c:1524
	test/mrapi_impl_spec.c:1581
	test/mrapi_impl_spec.c:1674
	test/mrapi_impl_spec.c:1750
	test/mrapi_impl_spec.c:1793
	test/mrapi_impl_spec.c:1832
	test/mrapi_impl_spec.c:2123
	test/mrapi_impl_spec.c:2186
	test/mrapi_impl_spec.c:2227
	test/mrapi_impl_spec.c:2266
	test/mrapi_impl_spec.c:2357
	test/mrapi_impl_spec.c:2452
	test/mrapi_impl_spec.c:2578
	test/mrapi_impl_spec.c:2674
	test/mrapi_impl_spec.c:2735
	test/mrapi_impl_spec.c:2805
	test/mrapi_impl_spec.c:2915
	test/mrapi_impl_spec.c:3131
	test/mrapi_impl_spec.c:3208
	test/mrapi_impl_spec.c:3235
	test/mrapi_impl_spec.c:3272
	test/mrapi_impl_spec.c:3308
	test/mrapi_impl_spec.c:3401
	test/mrapi_impl_spec.c:3513
	test/mrapi_impl_spec.c:3566
	test/mrapi_impl_spec.c:3569
	test/mrapi_impl_spec.c:3623
	test/mrapi_impl_spec.c:3625
	test/mrapi_impl_spec.c:3626
	test/mrapi_impl_spec.c:3627
	test/mrapi_impl_spec.c:3650
	test/mrapi_impl_spec.c:3652
	test/mrapi_impl_spec.c:3654
	test/mrapi_impl_spec.c:3655
	test/mrapi_impl_spec.c:3696
	test/mrapi_impl_spec.c:3697
	test/mrapi_impl_spec.c:3697
	test/mrapi_impl_spec.c:3765
	test/mrapi_impl_spec.c:3766
	test/mrapi_impl_spec.c:3767
	test/mrapi_impl_spec.c:3832
	test/mrapi_impl_spec.c:3832
	test/mrapi_impl_spec.c:3833
	test/mrapi_impl_spec.c:3880
	test/mrapi_impl_spec.c:4108
	mtapi/include/mcapi_impl_spec.h:97
autoscan: warning: missing AC_TYPE_UINT32_T wanted by: 
	mcapi/src/mcapi.c:2203
	mcapi/src/mcapi.c:2251
	mcapi/src/mcapi.c:2301
	mcapi/src/mcapi.c:2350
	mcapi/src/mcapi_trans/mcapi_trans_stub/mcapi_trans_stub.c:429
	mcapi/src/mcapi_trans/mcapi_trans_stub/mcapi_trans_stub.c:436
	mcapi/src/mcapi_trans/mcapi_trans_sm/mcapi_impl_spec.h:83
	mcapi/src/mcapi_trans/mcapi_trans_sm/mcapi_impl_spec.h:87
	mcapi/src/mcapi_trans/mcapi_trans_sm/mcapi_impl_spec.h:88
	mcapi/src/mcapi_trans/mcapi_trans_sm/mcapi_impl_spec.h:89
	mcapi/src/mcapi_trans/mcapi_trans_sm/mcapi_impl_spec.h:90
	mcapi/src/mcapi_trans/mcapi_trans_sm/mcapi_impl_spec.h:99
	mcapi/src/mcapi_trans/mcapi_trans_sm/transport_sm.h:73
	mcapi/src/mcapi_trans/mcapi_trans_sm/transport_sm.h:94
	mcapi/src/mcapi_trans/mcapi_trans_sm/transport_sm.h:95
	mcapi/src/mcapi_trans/mcapi_trans_sm/transport_sm.h:130
	mcapi/src/mcapi_trans/mcapi_trans_sm/transport_sm.h:137
	mcapi/src/mcapi_trans/mcapi_trans_sm/transport_sm.h:142
	mcapi/src/mcapi_trans/mcapi_trans_sm/transport_sm.h:154
	mcapi/src/mcapi_trans/mcapi_trans_sm/transport_sm.h:156
	mcapi/src/mcapi_trans/mcapi_trans_sm/transport_sm.h:192
	mcapi/src/mcapi_trans/mcapi_trans_sm/transport_sm.h:193
	mcapi/src/mcapi_trans/mcapi_trans_sm/transport_sm.h:196
	mcapi/src/mcapi_trans/mcapi_trans_sm/transport_sm.h:197
	mcapi/src/mcapi_trans/mcapi_trans_sm/transport_sm.h:202
	mcapi/src/mcapi_trans/mcapi_trans_sm/transport_sm.h:204
	mcapi/src/mcapi_trans/mcapi_trans_sm/transport_sm.h:207
	mcapi/src/mcapi_trans/mcapi_trans_sm/transport_sm.h:210
	mcapi/src/mcapi_trans/mcapi_trans_sm/transport_sm.h:211
	mcapi/src/mcapi_trans/mcapi_trans_sm/transport_sm.h:212
	mcapi/src/mcapi_trans/mcapi_trans_sm/transport_sm.c:101
	mcapi/src/mcapi_trans/mcapi_trans_sm/transport_sm.c:103
	mcapi/src/mcapi_trans/mcapi_trans_sm/transport_sm.c:108
	mcapi/src/mcapi_trans/mcapi_trans_sm/transport_sm.c:113
	mcapi/src/mcapi_trans/mcapi_trans_sm/transport_sm.c:174
	mcapi/src/mcapi_trans/mcapi_trans_sm/transport_sm.c:176
	mcapi/src/mcapi_trans/mcapi_trans_sm/transport_sm.c:223
	mcapi/src/mcapi_trans/mcapi_trans_sm/transport_sm.c:242
	mcapi/src/mcapi_trans/mcapi_trans_sm/transport_sm.c:259
	mcapi/src/mcapi_trans/mcapi_trans_sm/transport_sm.c:617
	mcapi/src/mcapi_trans/mcapi_trans_sm/transport_sm.c:709
	mcapi/src/mcapi_trans/mcapi_trans_sm/transport_sm.c:710
	mcapi/src/mcapi_trans/mcapi_trans_sm/transport_sm.c:711
	mcapi/src/mcapi_trans/mcapi_trans_sm/transport_sm.c:905
	mcapi/src/mcapi_trans/mcapi_trans_sm/transport_sm.c:907
	mcapi/src/mcapi_trans/mcapi_trans_sm/transport_sm.c:908
	mcapi/src/mcapi_trans/mcapi_trans_sm/transport_sm.c:909
	mcapi/src/mcapi_trans/mcapi_trans_sm/transport_sm.c:1292
	mcapi/src/mcapi_trans/mcapi_trans_sm/transport_sm.c:1320
	mcapi/src/mcapi_trans/mcapi_trans_sm/transport_sm.c:1321
	mcapi/src/mcapi_trans/mcapi_trans_sm/transport_sm.c:1322
	mcapi/src/mcapi_trans/mcapi_trans_sm/transport_sm.c:1454
	mcapi/src/mcapi_trans/mcapi_trans_sm/transport_sm.c:1455
	mcapi/src/mcapi_trans/mcapi_trans_sm/transport_sm.c:1456
	mcapi/src/mcapi_trans/mcapi_trans_sm/transport_sm.c:1614
	mcapi/src/mcapi_trans/mcapi_trans_sm/transport_sm.c:2502
	mcapi/src/mcapi_trans/mcapi_trans_sm/transport_sm.c:2534
	mcapi/src/mcapi_trans/mcapi_trans_sm/transport_sm.c:2886
	mcapi/src/mcapi_trans/mcapi_trans_sm/transport_sm.c:3604
	mcapi/src/mcapi_trans/mcapi_trans_sm/transport_sm.c:3624
	mcapi/src/mcapi_trans/mcapi_trans_sm/transport_sm.c:3651
	mcapi/src/mcapi_trans/mcapi_trans_sm/transport_sm.c:3654
	mcapi/src/mcapi_trans/mcapi_trans_sm/transport_sm.c:3679
	mcapi/src/mcapi_trans/mcapi_trans_sm/transport_sm.c:3711
	mcapi/src/mcapi_trans/mcapi_trans_sm/transport_sm.c:3712
	mcapi/src/mcapi_trans/mcapi_trans_sm/mrapi/transport_sm_mrapi.c:67
	mcapi/src/mcapi_trans/mcapi_trans_sm/mrapi/transport_sm_mrapi.c:78
	mcapi/src/mcapi_trans/mcapi_trans_sm/mrapi/transport_sm_mrapi.c:103
	mcapi/src/mcapi_trans/mcapi_trans_sm/mrapi/transport_sm_mrapi.c:159
	mcapi/src/mcapi_trans/mcapi_trans_sm/mrapi/transport_sm_mrapi.c:160
	mcapi/src/mcapi_trans/mcapi_trans_sm/mrapi/transport_sm_mrapi.c:188
	mcapi/src/mcapi_trans/mcapi_trans_sm/mrapi/transport_sm_mrapi.c:189
	mcapi/src/mcapi_trans/mcapi_trans_sm/mrapi/transport_sm_mrapi.c:213
	mcapi/src/mcapi_trans/mcapi_trans_sm/mrapi/transport_sm_mrapi.c:214
	mcapi/src/mcapi_trans/mcapi_trans_sm/mrapi/transport_sm_mrapi.c:215
	mcapi/src/mcapi_trans/mcapi_trans_sm/mrapi/transport_sm_mrapi.c:226
	mcapi/src/mcapi_trans/mcapi_trans_sm/mrapi/transport_sm_mrapi.c:241
	mcapi/src/mcapi_trans/mcapi_trans_sm/mrapi/transport_sm_mrapi.c:265
	mcapi/include/mcapi_trans.h:109
	mcapi/include/mcapi_trans.h:336
	mcapi/include/mcapi_trans.h:339
	mcapi/tests/node2.c:81
	mcapi/tests/msg3.c:71
	mcapi/tests/scl1.c:75
	mcapi/tests/scl1.c:93
	mcapi/tests/tc_echo_single_thread.c:35
	mcapi/tests/tc_echo_single_thread.c:50
	mrapi/src/mrapi_impl/resource_tree.h:59
	mrapi/src/mrapi_impl/resource_tree.h:73
	mrapi/src/mrapi_impl/resource_tree.h:86
	mrapi/src/mrapi_impl/resource_tree.h:103
	mrapi/src/mrapi_impl/mrapi_impl_spec.h:109
	mrapi/src/mrapi_impl/mrapi_impl_spec.h:111
	mrapi/src/mrapi_impl/mrapi_impl_spec.h:124
	mrapi/src/mrapi_impl/mrapi_impl_spec.h:134
	mrapi/src/mrapi_impl/mrapi_impl_spec.h:135
	mrapi/src/mrapi_impl/mrapi_impl_spec.h:136
	mrapi/src/mrapi_impl/mrapi_impl_spec.h:137
	mrapi/src/mrapi_impl/mrapi_impl_spec.h:138
	mrapi/src/mrapi_impl/mrapi_impl_spec.h:170
	mrapi/src/mrapi_impl/mrapi_impl_spec.h:228
	mrapi/src/mrapi_impl/mrapi_impl_spec.h:234
	mrapi/src/mrapi_impl/mrapi_impl_spec.h:377
	mrapi/src/mrapi_impl/mrapi_impl_spec.h:378
	mrapi/src/mrapi_impl/mrapi_impl_spec.h:390
	mrapi/src/mrapi_impl/mrapi_impl_spec.h:393
	mrapi/src/mrapi_impl/mrapi_impl_spec.h:417
	mrapi/src/mrapi_impl/mrapi_sys.h:59
	mrapi/src/mrapi_impl/mrapi_sys.h:59
	mrapi/src/mrapi_impl/mrapi_sys.h:60
	mrapi/src/mrapi_impl/mrapi_sys.h:60
	mrapi/src/mrapi_impl/mrapi_sys.h:63
	mrapi/src/mrapi_impl/mrapi_impl_spec.c:105
	mrapi/src/mrapi_impl/mrapi_impl_spec.c:107
	mrapi/src/mrapi_impl/mrapi_impl_spec.c:111
	mrapi/src/mrapi_impl/mrapi_impl_spec.c:113
	mrapi/src/mrapi_impl/mrapi_impl_spec.c:215
	mrapi/src/mrapi_impl/mrapi_impl_spec.c:217
	mrapi/src/mrapi_impl/mrapi_impl_spec.c:241
	mrapi/src/mrapi_impl/mrapi_impl_spec.c:243
	mrapi/src/mrapi_impl/mrapi_impl_spec.c:256
	mrapi/src/mrapi_impl/mrapi_impl_spec.c:259
	mrapi/src/mrapi_impl/mrapi_impl_spec.c:353
	mrapi/src/mrapi_impl/mrapi_impl_spec.c:354
	mrapi/src/mrapi_impl/mrapi_impl_spec.c:355
	mrapi/src/mrapi_impl/mrapi_impl_spec.c:603
	mrapi/src/mrapi_impl/mrapi_impl_spec.c:634
	mrapi/src/mrapi_impl/mrapi_impl_spec.c:652
	mrapi/src/mrapi_impl/mrapi_impl_spec.c:681
	mrapi/src/mrapi_impl/mrapi_impl_spec.c:681
	mrapi/src/mrapi_impl/mrapi_impl_spec.c:743
	mrapi/src/mrapi_impl/mrapi_impl_spec.c:1474
	mrapi/src/mrapi_impl/mrapi_impl_spec.c:1475
	mrapi/src/mrapi_impl/mrapi_impl_spec.c:1536
	mrapi/src/mrapi_impl/mrapi_impl_spec.c:1537
	mrapi/src/mrapi_impl/mrapi_impl_spec.c:1847
	mrapi/src/mrapi_impl/mrapi_impl_spec.c:1848
	mrapi/src/mrapi_impl/mrapi_impl_spec.c:1879
	mrapi/src/mrapi_impl/mrapi_impl_spec.c:1914
	mrapi/src/mrapi_impl/mrapi_impl_spec.c:1916
	mrapi/src/mrapi_impl/mrapi_impl_spec.c:1952
	mrapi/src/mrapi_impl/mrapi_impl_spec.c:1953
	mrapi/src/mrapi_impl/mrapi_impl_spec.c:1958
	mrapi/src/mrapi_impl/mrapi_impl_spec.c:1959
	mrapi/src/mrapi_impl/mrapi_impl_spec.c:1960
	mrapi/src/mrapi_impl/mrapi_impl_spec.c:2201
	mrapi/src/mrapi_impl/mrapi_impl_spec.c:2202
	mrapi/src/mrapi_impl/mrapi_impl_spec.c:2281
	mrapi/src/mrapi_impl/mrapi_impl_spec.c:2282
	mrapi/src/mrapi_impl/mrapi_impl_spec.c:2320
	mrapi/src/mrapi_impl/mrapi_impl_spec.c:2322
	mrapi/src/mrapi_impl/mrapi_impl_spec.c:2323
	mrapi/src/mrapi_impl/mrapi_impl_spec.c:2516
	mrapi/src/mrapi_impl/mrapi_impl_spec.c:2517
	mrapi/src/mrapi_impl/mrapi_impl_spec.c:2518
	mrapi/src/mrapi_impl/mrapi_impl_spec.c:2594
	mrapi/src/mrapi_impl/mrapi_impl_spec.c:2595
	mrapi/src/mrapi_impl/mrapi_impl_spec.c:2596
	mrapi/src/mrapi_impl/mrapi_impl_spec.c:2597
	mrapi/src/mrapi_impl/mrapi_impl_spec.c:2746
	mrapi/src/mrapi_impl/mrapi_impl_spec.c:2747
	mrapi/src/mrapi_impl/mrapi_impl_spec.c:2748
	mrapi/src/mrapi_impl/mrapi_impl_spec.c:2820
	mrapi/src/mrapi_impl/mrapi_impl_spec.c:2821
	mrapi/src/mrapi_impl/mrapi_impl_spec.c:2822
	mrapi/src/mrapi_impl/mrapi_impl_spec.c:2823
	mrapi/src/mrapi_impl/mrapi_impl_spec.c:2930
	mrapi/src/mrapi_impl/mrapi_impl_spec.c:2931
	mrapi/src/mrapi_impl/mrapi_impl_spec.c:3006
	mrapi/src/mrapi_impl/mrapi_impl_spec.c:3007
	mrapi/src/mrapi_impl/mrapi_impl_spec.c:3008
	mrapi/src/mrapi_impl/mrapi_impl_spec.c:3185
	mrapi/src/mrapi_impl/mrapi_impl_spec.c:3250
	mrapi/src/mrapi_impl/mrapi_impl_spec.c:3251
	mrapi/src/mrapi_impl/mrapi_impl_spec.c:3287
	mrapi/src/mrapi_impl/mrapi_impl_spec.c:3288
	mrapi/src/mrapi_impl/mrapi_impl_spec.c:3366
	mrapi/src/mrapi_impl/mrapi_impl_spec.c:3478
	mrapi/src/mrapi_impl/mrapi_impl_spec.c:3670
	mrapi/src/mrapi_impl/mrapi_impl_spec.c:3671
	mrapi/src/mrapi_impl/mrapi_impl_spec.c:3714
	mrapi/src/mrapi_impl/mrapi_impl_spec.c:3715
	mrapi/src/mrapi_impl/mrapi_impl_spec.c:3715
	mrapi/src/mrapi_impl/mrapi_impl_spec.c:3849
	mrapi/src/mrapi_impl/mrapi_impl_spec.c:3849
	mrapi/src/mrapi_impl/mrapi_impl_spec.c:3850
	mrapi/src/mrapi_impl/mrapi_impl_spec.c:3867
	mrapi/src/mrapi_impl/mrapi_impl_spec.c:3896
	mrapi/src/mrapi_impl/mrapi_impl_spec.c:4139
	mrapi/src/mrapi_impl/sysvr4/sysvr4.c:318
	mrapi/src/mrapi_impl/sysvr4/sysvr4.c:346
	mrapi/src/mrapi_impl/sysvr4/sysvr4.c:346
	mrapi/src/mrapi_impl/sysvr4/sysvr4.c:349
	mrapi/src/mrapi_impl/sysvr4/sysvr4.c:367
	mrapi/src/mrapi_impl/sysvr4/sysvr4.c:367
	mrapi/src/mrapi_impl/sysvr4/sysvr4.c:370
	mrapi/src/mrapi_impl/baremetal/powerpc/mrapi_powerpc.c:252
	mrapi/src/mrapi_impl/baremetal/powerpc/mrapi_powerpc.c:280
	mrapi/src/mrapi_impl/baremetal/powerpc/mrapi_powerpc.c:280
	mrapi/src/mrapi_impl/baremetal/powerpc/mrapi_powerpc.c:283
	mrapi/src/mrapi_impl/baremetal/powerpc/mrapi_powerpc.c:301
	mrapi/src/mrapi_impl/baremetal/powerpc/mrapi_powerpc.c:301
	mrapi/src/mrapi_impl/baremetal/powerpc/mrapi_powerpc.c:304
	mrapi/src/mrapi_impl/baremetal/powerpc/mrapi_powerpc_lock.h:75
	mrapi/src/mrapi_impl/baremetal/powerpc/mrapi_powerpc_lock.h:77
	mrapi/tests/resource_attributes.c:121
	mrapi/tests/resource_attributes.c:130
	mrapi/tests/shared_memory_example.c:67
	mrapi/tests/resources1.c:112
	test/mrapi_impl_spec.h:109
	test/mrapi_impl_spec.h:111
	test/mrapi_impl_spec.h:124
	test/mrapi_impl_spec.h:134
	test/mrapi_impl_spec.h:135
	test/mrapi_impl_spec.h:136
	test/mrapi_impl_spec.h:137
	test/mrapi_impl_spec.h:138
	test/mrapi_impl_spec.h:170
	test/mrapi_impl_spec.h:228
	test/mrapi_impl_spec.h:234
	test/mrapi_impl_spec.h:377
	test/mrapi_impl_spec.h:378
	test/mrapi_impl_spec.h:390
	test/mrapi_impl_spec.h:393
	test/mrapi_impl_spec.h:417
	test/mrapi_impl_spec.c:105
	test/mrapi_impl_spec.c:107
	test/mrapi_impl_spec.c:111
	test/mrapi_impl_spec.c:113
	test/mrapi_impl_spec.c:215
	test/mrapi_impl_spec.c:217
	test/mrapi_impl_spec.c:241
	test/mrapi_impl_spec.c:243
	test/mrapi_impl_spec.c:256
	test/mrapi_impl_spec.c:259
	test/mrapi_impl_spec.c:353
	test/mrapi_impl_spec.c:354
	test/mrapi_impl_spec.c:355
	test/mrapi_impl_spec.c:603
	test/mrapi_impl_spec.c:634
	test/mrapi_impl_spec.c:652
	test/mrapi_impl_spec.c:681
	test/mrapi_impl_spec.c:681
	test/mrapi_impl_spec.c:743
	test/mrapi_impl_spec.c:1460
	test/mrapi_impl_spec.c:1461
	test/mrapi_impl_spec.c:1522
	test/mrapi_impl_spec.c:1523
	test/mrapi_impl_spec.c:1833
	test/mrapi_impl_spec.c:1834
	test/mrapi_impl_spec.c:1865
	test/mrapi_impl_spec.c:1900
	test/mrapi_impl_spec.c:1902
	test/mrapi_impl_spec.c:1938
	test/mrapi_impl_spec.c:1939
	test/mrapi_impl_spec.c:1944
	test/mrapi_impl_spec.c:1945
	test/mrapi_impl_spec.c:1946
	test/mrapi_impl_spec.c:2187
	test/mrapi_impl_spec.c:2188
	test/mrapi_impl_spec.c:2267
	test/mrapi_impl_spec.c:2268
	test/mrapi_impl_spec.c:2306
	test/mrapi_impl_spec.c:2308
	test/mrapi_impl_spec.c:2309
	test/mrapi_impl_spec.c:2502
	test/mrapi_impl_spec.c:2503
	test/mrapi_impl_spec.c:2504
	test/mrapi_impl_spec.c:2580
	test/mrapi_impl_spec.c:2581
	test/mrapi_impl_spec.c:2582
	test/mrapi_impl_spec.c:2583
	test/mrapi_impl_spec.c:2732
	test/mrapi_impl_spec.c:2733
	test/mrapi_impl_spec.c:2734
	test/mrapi_impl_spec.c:2806
	test/mrapi_impl_spec.c:2807
	test/mrapi_impl_spec.c:2808
	test/mrapi_impl_spec.c:2809
	test/mrapi_impl_spec.c:2916
	test/mrapi_impl_spec.c:2917
	test/mrapi_impl_spec.c:2992
	test/mrapi_impl_spec.c:2993
	test/mrapi_impl_spec.c:2994
	test/mrapi_impl_spec.c:3171
	test/mrapi_impl_spec.c:3236
	test/mrapi_impl_spec.c:3237
	test/mrapi_impl_spec.c:3273
	test/mrapi_impl_spec.c:3274
	test/mrapi_impl_spec.c:3352
	test/mrapi_impl_spec.c:3464
	test/mrapi_impl_spec.c:3656
	test/mrapi_impl_spec.c:3657
	test/mrapi_impl_spec.c:3700
	test/mrapi_impl_spec.c:3701
	test/mrapi_impl_spec.c:3701
	test/mrapi_impl_spec.c:3835
	test/mrapi_impl_spec.c:3835
	test/mrapi_impl_spec.c:3836
	test/mrapi_impl_spec.c:3853
	test/mrapi_impl_spec.c:3882
	test/mrapi_impl_spec.c:4125
	mtapi/include/mcapi_trans.h:109
	mtapi/include/mcapi_trans.h:336
	mtapi/include/mcapi_trans.h:339
	mtapi/include/mcapi_impl_spec.h:83
	mtapi/include/mcapi_impl_spec.h:87
	mtapi/include/mcapi_impl_spec.h:88
	mtapi/include/mcapi_impl_spec.h:89
	mtapi/include/mcapi_impl_spec.h:90
	mtapi/include/mcapi_impl_spec.h:98
	mtapi/include/mrapi_test.h:12
	mtapi/include/mrapi_test.h:13
	mtapi/include/mrapi_test.h:14
	mtapi/include/mrapi_test.h:14
	mtapi/include/mrapi_test.h:16
	mtapi/include/mrapi_test.h:16
	mtapi/include/mrapi_test.h:18
	mtapi/include/mrapi_test.h:18
	mtapi/include/mrapi_test.h:18
	mtapi/include/mrapi_test.h:19
	mtapi/include/mrapi_test.h:20
	mtapi/include/mrapi_test.h:22
	mtapi/include/mrapi_test.h:23
	mtapi/include/mrapi_test.h:24
autoscan: warning: missing AC_TYPE_UINT64_T wanted by: 
	mcapi/src/mcapi.c:2202
	mcapi/src/mcapi.c:2250
	mcapi/src/mcapi.c:2300
	mcapi/src/mcapi.c:2349
	mcapi/src/mcapi_trans/mcapi_trans_stub/mcapi_trans_stub.c:429
	mcapi/src/mcapi_trans/mcapi_trans_stub/mcapi_trans_stub.c:436
	mcapi/src/mcapi_trans/mcapi_trans_sm/transport_sm.h:75
	mcapi/src/mcapi_trans/mcapi_trans_sm/transport_sm.c:122
	mcapi/src/mcapi_trans/mcapi_trans_sm/transport_sm.c:129
	mcapi/src/mcapi_trans/mcapi_trans_sm/transport_sm.c:136
	mcapi/src/mcapi_trans/mcapi_trans_sm/transport_sm.c:2501
	mcapi/src/mcapi_trans/mcapi_trans_sm/transport_sm.c:2534
	mcapi/src/mcapi_trans/mcapi_trans_sm/transport_sm.c:3364
	mcapi/src/mcapi_trans/mcapi_trans_sm/transport_sm.c:3441
	mcapi/src/mcapi_trans/mcapi_trans_sm/transport_sm.c:3517
	mcapi/include/mcapi_trans.h:336
	mcapi/include/mcapi_trans.h:339
	mcapi/tests/scl1.c:93
	mcapi/tests/scl1.c:96
	mcapi/tests/tc_echo_single_thread.c:53
	mtapi/include/mcapi_trans.h:336
	mtapi/include/mcapi_trans.h:339
autoscan: warning: missing AC_TYPE_UINT8_T wanted by: 
	mcapi/src/mcapi_trans/mcapi_trans_sm/transport_sm.h:128
	mcapi/src/mcapi_trans/mcapi_trans_sm/transport_sm.c:3655
	mcapi/src/mcapi_trans/mcapi_trans_sm/transport_sm.c:3683
	mrapi/src/mrapi_impl/mrapi_impl_spec.h:182
	mrapi/src/mrapi_impl/mrapi_impl_spec.h:192
	mrapi/src/mrapi_impl/mrapi_impl_spec.h:203
	mrapi/src/mrapi_impl/mrapi_impl_spec.h:204
	mrapi/src/mrapi_impl/mrapi_impl_spec.h:213
	mrapi/src/mrapi_impl/mrapi_impl_spec.h:214
	test/mrapi_impl_spec.h:182
	test/mrapi_impl_spec.h:192
	test/mrapi_impl_spec.h:203
	test/mrapi_impl_spec.h:204
	test/mrapi_impl_spec.h:213
	test/mrapi_impl_spec.h:214
