This file contains any messages produced by compilers while
running configure, to aid debugging if configure makes a mistake.

It was created by mca configure 2.0.3, which was
generated by GNU Autoconf 2.63.  Invocation command line was

  $ ./configure --prefix=/home/suyang/Install --with-max_msg_size=9116

## --------- ##
## Platform. ##
## --------- ##

hostname = eureka.cs.uh.edu
uname -m = x86_64
uname -r = 3.10.14-100.fc18.x86_64
uname -s = Linux
uname -v = #1 SMP Fri Oct 4 15:55:52 UTC 2013

/usr/bin/uname -p = x86_64
/bin/uname -X     = unknown

/bin/arch              = x86_64
/usr/bin/arch -k       = unknown
/usr/convex/getsysinfo = unknown
/usr/bin/hostinfo      = unknown
/bin/machine           = unknown
/usr/bin/oslevel       = unknown
/bin/universe          = unknown

PATH: /usr/lib64/qt-3.3/bin
PATH: /opt/local/bin
PATH: /opt/Modules/3.2.10/bin
PATH: /usr/local/bin
PATH: /usr/bin
PATH: /usr/local/sbin
PATH: /usr/sbin
PATH: /sbin
PATH: /usr/local/cuda/cudaprof/bin
PATH: /home/suyang/.local/bin
PATH: /home/suyang/bin


## ----------- ##
## Core tests. ##
## ----------- ##

configure:2125: checking for a BSD-compatible install
configure:2193: result: /usr/bin/install -c
configure:2204: checking whether build environment is sane
configure:2264: result: yes
configure:2405: checking for a thread-safe mkdir -p
configure:2444: result: /usr/bin/mkdir -p
configure:2457: checking for gawk
configure:2473: found /usr/bin/gawk
configure:2484: result: gawk
configure:2495: checking whether make sets $(MAKE)
configure:2517: result: yes
configure:2600: checking whether to enable maintainer-specific portions of Makefiles
configure:2609: result: no
configure:2687: checking for gcc
configure:2703: found /usr/bin/gcc
configure:2714: result: gcc
configure:2946: checking for C compiler version
configure:2954: gcc --version >&5
gcc (GCC) 4.7.2 20121109 (Red Hat 4.7.2-8)
Copyright (C) 2012 Free Software Foundation, Inc.
This is free software; see the source for copying conditions.  There is NO
warranty; not even for MERCHANTABILITY or FITNESS FOR A PARTICULAR PURPOSE.

configure:2958: $? = 0
configure:2965: gcc -v >&5
Using built-in specs.
COLLECT_GCC=gcc
COLLECT_LTO_WRAPPER=/usr/libexec/gcc/x86_64-redhat-linux/4.7.2/lto-wrapper
Target: x86_64-redhat-linux
Configured with: ../configure --prefix=/usr --mandir=/usr/share/man --infodir=/usr/share/info --with-bugurl=http://bugzilla.redhat.com/bugzilla --enable-bootstrap --enable-shared --enable-threads=posix --enable-checking=release --disable-build-with-cxx --disable-build-poststage1-with-cxx --with-system-zlib --enable-__cxa_atexit --disable-libunwind-exceptions --enable-gnu-unique-object --enable-linker-build-id --with-linker-hash-style=gnu --enable-languages=c,c++,objc,obj-c++,java,fortran,ada,go,lto --enable-plugin --enable-initfini-array --enable-java-awt=gtk --disable-dssi --with-java-home=/usr/lib/jvm/java-1.5.0-gcj-1.5.0.0/jre --enable-libgcj-multifile --enable-java-maintainer-mode --with-ecj-jar=/usr/share/java/eclipse-ecj.jar --disable-libjava-multilib --with-ppl --with-cloog --with-tune=generic --with-arch_32=i686 --build=x86_64-redhat-linux
Thread model: posix
gcc version 4.7.2 20121109 (Red Hat 4.7.2-8) (GCC) 
configure:2969: $? = 0
configure:2976: gcc -V >&5
gcc: error: unrecognized command line option '-V'
gcc: fatal error: no input files
compilation terminated.
configure:2980: $? = 4
configure:3003: checking for C compiler default output file name
configure:3025: gcc  -ggdb -Wall      conftest.c  >&5
configure:3029: $? = 0
configure:3067: result: a.out
configure:3086: checking whether the C compiler works
configure:3096: ./a.out
configure:3100: $? = 0
configure:3119: result: yes
configure:3126: checking whether we are cross compiling
configure:3128: result: no
configure:3131: checking for suffix of executables
configure:3138: gcc -o conftest  -ggdb -Wall      conftest.c  >&5
configure:3142: $? = 0
configure:3168: result: 
configure:3174: checking for suffix of object files
configure:3200: gcc -c  -ggdb -Wall     conftest.c >&5
configure:3204: $? = 0
configure:3229: result: o
configure:3233: checking whether we are using the GNU C compiler
configure:3262: gcc -c  -ggdb -Wall     conftest.c >&5
configure:3269: $? = 0
configure:3286: result: yes
configure:3295: checking whether gcc accepts -g
configure:3325: gcc -c -g  conftest.c >&5
configure:3332: $? = 0
configure:3433: result: yes
configure:3450: checking for gcc option to accept ISO C89
configure:3524: gcc  -c  -ggdb -Wall     conftest.c >&5
configure:3531: $? = 0
configure:3554: result: none needed
configure:3583: checking for style of include used by make
configure:3611: result: GNU
configure:3636: checking dependency style of gcc
configure:3746: result: gcc3
configure:3770: checking dependency style of gcc
configure:3878: result: gcc3
configure:3907: checking for a BSD-compatible install
configure:3975: result: /usr/bin/install -c
configure:4017: checking build system type
configure:4035: result: x86_64-unknown-linux-gnu
configure:4057: checking host system type
configure:4072: result: x86_64-unknown-linux-gnu
configure:4094: checking for a sed that does not truncate output
configure:4160: result: /usr/bin/sed
configure:4178: checking for grep that handles long lines and -e
configure:4238: result: /usr/bin/grep
configure:4243: checking for egrep
configure:4307: result: /usr/bin/grep -E
configure:4312: checking for fgrep
configure:4376: result: /usr/bin/grep -F
configure:4411: checking for ld used by gcc
configure:4478: result: /usr/bin/ld
configure:4487: checking if the linker (/usr/bin/ld) is GNU ld
configure:4502: result: yes
configure:4514: checking for BSD- or MS-compatible name lister (nm)
configure:4563: result: /usr/bin/nm -B
configure:4681: checking the name lister (/usr/bin/nm -B) interface
configure:4688: gcc -c  -ggdb -Wall     conftest.c >&5
configure:4691: /usr/bin/nm -B "conftest.o"
configure:4694: output
0000000000000000 B some_variable
configure:4701: result: BSD nm
configure:4704: checking whether ln -s works
configure:4708: result: yes
configure:4716: checking the maximum length of command line arguments
configure:4836: result: 1572864
configure:4853: checking whether the shell understands some XSI constructs
configure:4863: result: yes
configure:4867: checking whether the shell understands "+="
configure:4873: result: yes
configure:4908: checking for /usr/bin/ld option to reload object files
configure:4915: result: -r
configure:4984: checking for objdump
configure:5000: found /usr/bin/objdump
configure:5011: result: objdump
configure:5043: checking how to recognize dependent libraries
configure:5239: result: pass_all
configure:5299: checking for ar
configure:5315: found /usr/bin/ar
configure:5326: result: ar
configure:5404: checking for strip
configure:5420: found /usr/bin/strip
configure:5431: result: strip
configure:5503: checking for ranlib
configure:5519: found /usr/bin/ranlib
configure:5530: result: ranlib
configure:5620: checking command to parse /usr/bin/nm -B output from gcc object
configure:5738: gcc -c  -ggdb -Wall     conftest.c >&5
configure:5741: $? = 0
configure:5745: /usr/bin/nm -B conftest.o \| sed -n -e 's/^.*[	 ]\([ABCDGIRSTW][ABCDGIRSTW]*\)[	 ][	 ]*\([_A-Za-z][_A-Za-z0-9]*\)$/\1 \2 \2/p' \> conftest.nm
configure:5748: $? = 0
configure:5802: gcc -o conftest  -ggdb -Wall      conftest.c conftstm.o >&5
configure:5805: $? = 0
configure:5843: result: ok
configure:5939: gcc -c  -ggdb -Wall     conftest.c >&5
configure:5942: $? = 0
configure:6710: checking how to run the C preprocessor
configure:6750: gcc -E  conftest.c
configure:6757: $? = 0
configure:6788: gcc -E  conftest.c
conftest.c:10:28: fatal error: ac_nonexistent.h: No such file or directory
compilation terminated.
configure:6795: $? = 1
configure: failed program was:
| /* confdefs.h.  */
| #define PACKAGE_NAME "mca"
| #define PACKAGE_TARNAME "mca"
| #define PACKAGE_VERSION "2.0.3"
| #define PACKAGE_STRING "mca 2.0.3"
| #define PACKAGE_BUGREPORT ""
| #define PACKAGE "mca"
| #define VERSION "2.0.3"
| /* end confdefs.h.  */
| #include <ac_nonexistent.h>
configure:6828: result: gcc -E
configure:6857: gcc -E  conftest.c
configure:6864: $? = 0
configure:6895: gcc -E  conftest.c
conftest.c:10:28: fatal error: ac_nonexistent.h: No such file or directory
compilation terminated.
configure:6902: $? = 1
configure: failed program was:
| /* confdefs.h.  */
| #define PACKAGE_NAME "mca"
| #define PACKAGE_TARNAME "mca"
| #define PACKAGE_VERSION "2.0.3"
| #define PACKAGE_STRING "mca 2.0.3"
| #define PACKAGE_BUGREPORT ""
| #define PACKAGE "mca"
| #define VERSION "2.0.3"
| /* end confdefs.h.  */
| #include <ac_nonexistent.h>
configure:6942: checking for ANSI C header files
configure:6972: gcc -c  -ggdb -Wall     conftest.c >&5
configure:6979: $? = 0
configure:7078: gcc -o conftest  -ggdb -Wall      conftest.c  >&5
configure:7082: $? = 0
configure:7088: ./conftest
configure:7092: $? = 0
configure:7110: result: yes
configure:7134: checking for sys/types.h
configure:7155: gcc -c  -ggdb -Wall     conftest.c >&5
configure:7162: $? = 0
configure:7179: result: yes
configure:7134: checking for sys/stat.h
configure:7155: gcc -c  -ggdb -Wall     conftest.c >&5
configure:7162: $? = 0
configure:7179: result: yes
configure:7134: checking for stdlib.h
configure:7155: gcc -c  -ggdb -Wall     conftest.c >&5
configure:7162: $? = 0
configure:7179: result: yes
configure:7134: checking for string.h
configure:7155: gcc -c  -ggdb -Wall     conftest.c >&5
configure:7162: $? = 0
configure:7179: result: yes
configure:7134: checking for memory.h
configure:7155: gcc -c  -ggdb -Wall     conftest.c >&5
configure:7162: $? = 0
configure:7179: result: yes
configure:7134: checking for strings.h
configure:7155: gcc -c  -ggdb -Wall     conftest.c >&5
configure:7162: $? = 0
configure:7179: result: yes
configure:7134: checking for inttypes.h
configure:7155: gcc -c  -ggdb -Wall     conftest.c >&5
configure:7162: $? = 0
configure:7179: result: yes
configure:7134: checking for stdint.h
configure:7155: gcc -c  -ggdb -Wall     conftest.c >&5
configure:7162: $? = 0
configure:7179: result: yes
configure:7134: checking for unistd.h
configure:7155: gcc -c  -ggdb -Wall     conftest.c >&5
configure:7162: $? = 0
configure:7179: result: yes
configure:7197: checking for dlfcn.h
configure:7218: gcc -c  -ggdb -Wall     conftest.c >&5
configure:7225: $? = 0
configure:7242: result: yes
configure:7428: checking for objdir
configure:7443: result: .libs
configure:7735: checking if gcc supports -fno-rtti -fno-exceptions
configure:7753: gcc -c  -ggdb -Wall     -fno-rtti -fno-exceptions conftest.c >&5
cc1: warning: command line option '-fno-rtti' is valid for C++/ObjC++ but not for C [enabled by default]
configure:7757: $? = 0
configure:7770: result: no
configure:7790: checking for gcc option to produce PIC
configure:8062: result: -fPIC -DPIC
configure:8074: checking if gcc PIC flag -fPIC -DPIC works
configure:8092: gcc -c  -ggdb -Wall     -fPIC -DPIC -DPIC conftest.c >&5
configure:8096: $? = 0
configure:8109: result: yes
configure:8133: checking if gcc static flag -static works
configure:8161: result: yes
configure:8176: checking if gcc supports -c -o file.o
configure:8197: gcc -c  -ggdb -Wall     -o out/conftest2.o conftest.c >&5
configure:8201: $? = 0
configure:8223: result: yes
configure:8231: checking if gcc supports -c -o file.o
configure:8278: result: yes
configure:8311: checking whether the gcc linker (/usr/bin/ld -m elf_x86_64) supports shared libraries
configure:9385: result: yes
configure:9422: checking whether -lc should be explicitly linked in
configure:9427: gcc -c  -ggdb -Wall     conftest.c >&5
configure:9430: $? = 0
configure:9445: gcc -shared conftest.o  -v -Wl,-soname -Wl,conftest -o conftest 2\>\&1 \| /usr/bin/grep  -lc  \>/dev/null 2\>\&1
configure:9448: $? = 0
configure:9460: result: no
configure:9624: checking dynamic linker characteristics
configure:10067: gcc -o conftest  -ggdb -Wall      -Wl,-rpath -Wl,/foo conftest.c  >&5
configure:10074: $? = 0
configure:10310: result: GNU/Linux ld.so
configure:10412: checking how to hardcode library paths into programs
configure:10437: result: immediate
configure:11270: checking whether stripping libraries is possible
configure:11275: result: yes
configure:11310: checking if libtool supports shared libraries
configure:11312: result: yes
configure:11315: checking whether to build shared libraries
configure:11336: result: yes
configure:11339: checking whether to build static libraries
configure:11343: result: yes
configure:11384: checking for size_t
configure:11412: gcc -c  -ggdb -Wall     conftest.c >&5
configure:11419: $? = 0
configure:11446: gcc -c  -ggdb -Wall     conftest.c >&5
conftest.c: In function 'main':
conftest.c:58:21: error: expected expression before ')' token
configure:11453: $? = 1
configure: failed program was:
| /* confdefs.h.  */
| #define PACKAGE_NAME "mca"
| #define PACKAGE_TARNAME "mca"
| #define PACKAGE_VERSION "2.0.3"
| #define PACKAGE_STRING "mca 2.0.3"
| #define PACKAGE_BUGREPORT ""
| #define PACKAGE "mca"
| #define VERSION "2.0.3"
| #define STDC_HEADERS 1
| #define HAVE_SYS_TYPES_H 1
| #define HAVE_SYS_STAT_H 1
| #define HAVE_STDLIB_H 1
| #define HAVE_STRING_H 1
| #define HAVE_MEMORY_H 1
| #define HAVE_STRINGS_H 1
| #define HAVE_INTTYPES_H 1
| #define HAVE_STDINT_H 1
| #define HAVE_UNISTD_H 1
| #define HAVE_DLFCN_H 1
| #define LT_OBJDIR ".libs/"
| /* end confdefs.h.  */
| #include <stdio.h>
| #ifdef HAVE_SYS_TYPES_H
| # include <sys/types.h>
| #endif
| #ifdef HAVE_SYS_STAT_H
| # include <sys/stat.h>
| #endif
| #ifdef STDC_HEADERS
| # include <stdlib.h>
| # include <stddef.h>
| #else
| # ifdef HAVE_STDLIB_H
| #  include <stdlib.h>
| # endif
| #endif
| #ifdef HAVE_STRING_H
| # if !defined STDC_HEADERS && defined HAVE_MEMORY_H
| #  include <memory.h>
| # endif
| # include <string.h>
| #endif
| #ifdef HAVE_STRINGS_H
| # include <strings.h>
| #endif
| #ifdef HAVE_INTTYPES_H
| # include <inttypes.h>
| #endif
| #ifdef HAVE_STDINT_H
| # include <stdint.h>
| #endif
| #ifdef HAVE_UNISTD_H
| # include <unistd.h>
| #endif
| int
| main ()
| {
| if (sizeof ((size_t)))
| 	  return 0;
|   ;
|   return 0;
| }
configure:11476: result: yes
configure:11503: checking if the user wants to build with debug print support
configure:11534: result: no
configure:11546: checking if the user wants to build for baremetal
configure:11578: result: no
configure:11610: checking for elf_v5
configure:11641: result: no
configure:11650: WARNING: Could not find adl elf_v5 simulator in the path provided in the --with-adl option.
configure:11674: checking if the user wants to build with processor affinity support
configure:11706: result: no
configure:11717: checking if the user wants to use gettimeofday
configure:11749: result: no
configure:11762: checking checking for mtapi_max_tasks
configure:11776: result: 64
configure:11785: checking checking for max_msg_size
configure:11799: result: 9116
configure:11807: checking checking for max_pkt_size
configure:11821: result: 1024
configure:11829: checking checking for max_endpoints
configure:11843: result: 32
configure:11851: checking checking for max_attributes
configure:11865: result: 2
configure:11873: checking checking for max_channels
configure:11887: result: 32
configure:11895: checking checking for max_nodes
configure:11909: result: 16
configure:11917: checking checking for max_domains
configure:11931: result: 2
configure:11939: checking checking for max_buffers
configure:11953: result: 1284
configure:11961: checking checking for max_queue_elements
configure:11975: result: 64
configure:12141: creating ./config.status

## ---------------------- ##
## Running config.status. ##
## ---------------------- ##

This file was extended by mca config.status 2.0.3, which was
generated by GNU Autoconf 2.63.  Invocation command line was

  CONFIG_FILES    = 
  CONFIG_HEADERS  = 
  CONFIG_LINKS    = 
  CONFIG_COMMANDS = 
  $ ./config.status 

on eureka.cs.uh.edu

config.status:1045: creating Makefile
config.status:1045: creating common/Makefile
config.status:1045: creating mrapi/Makefile
config.status:1045: creating mrapi/scripts/Makefile
config.status:1045: creating mrapi/include/Makefile
config.status:1045: creating mrapi/doc/Makefile
config.status:1045: creating mrapi/src/Makefile
config.status:1045: creating mrapi/src/mrapi_impl/Makefile
config.status:1045: creating mrapi/src/mrapi_impl/sysvr4/Makefile
config.status:1045: creating mrapi/src/mrapi_impl/baremetal/Makefile
config.status:1045: creating mrapi/src/mrapi_impl/baremetal/powerpc/Makefile
config.status:1045: creating mrapi/tests/Makefile
config.status:1045: creating mrapi/tests/regress_configure.pm
config.status:1045: creating mcapi/Makefile
config.status:1045: creating mcapi/doc/Makefile
config.status:1045: creating mcapi/scripts/Makefile
config.status:1045: creating mcapi/include/Makefile
config.status:1045: creating mcapi/src/Makefile
config.status:1045: creating mcapi/src/mcapi_trans/Makefile
config.status:1045: creating mcapi/src/mcapi_trans/mcapi_trans_stub/Makefile
config.status:1045: creating mcapi/src/mcapi_trans/mcapi_trans_sm/Makefile
config.status:1045: creating mcapi/src/mcapi_trans/mcapi_trans_sm/mrapi/Makefile
config.status:1045: creating mcapi/tests/Makefile
config.status:1045: creating mtapi/Makefile
config.status:1045: creating mtapi/scripts/Makefile
config.status:1045: creating mtapi/src/Makefile
config.status:1045: creating mtapi/include/Makefile
config.status:1045: creating mtapi/tests/Makefile
config.status:1045: creating conker/Makefile
config.status:1045: creating conker/include/Makefile
config.status:1045: creating conker/src/Makefile
config.status:1045: creating conker/tests/Makefile
config.status:1045: creating conker/scripts/Makefile
config.status:1045: creating mrapi/scripts/mrapi-config
config.status:1045: creating mcapi/scripts/mcapi-config
config.status:1045: creating mtapi/scripts/mtapi-config
config.status:1045: creating mca_config.h
config.status:1319: executing depfiles commands
config.status:1319: executing libtool commands

## ---------------- ##
## Cache variables. ##
## ---------------- ##

ac_cv_build=x86_64-unknown-linux-gnu
ac_cv_c_compiler_gnu=yes
ac_cv_env_CCASFLAGS_set=
ac_cv_env_CCASFLAGS_value=
ac_cv_env_CCAS_set=
ac_cv_env_CCAS_value=
ac_cv_env_CC_set=
ac_cv_env_CC_value=
ac_cv_env_CFLAGS_set=
ac_cv_env_CFLAGS_value=
ac_cv_env_CPPFLAGS_set=
ac_cv_env_CPPFLAGS_value=
ac_cv_env_CPP_set=
ac_cv_env_CPP_value=
ac_cv_env_LDFLAGS_set=
ac_cv_env_LDFLAGS_value=
ac_cv_env_LIBS_set=
ac_cv_env_LIBS_value=
ac_cv_env_build_alias_set=
ac_cv_env_build_alias_value=
ac_cv_env_host_alias_set=
ac_cv_env_host_alias_value=
ac_cv_env_target_alias_set=
ac_cv_env_target_alias_value=
ac_cv_header_dlfcn_h=yes
ac_cv_header_inttypes_h=yes
ac_cv_header_memory_h=yes
ac_cv_header_stdc=yes
ac_cv_header_stdint_h=yes
ac_cv_header_stdlib_h=yes
ac_cv_header_string_h=yes
ac_cv_header_strings_h=yes
ac_cv_header_sys_stat_h=yes
ac_cv_header_sys_types_h=yes
ac_cv_header_unistd_h=yes
ac_cv_host=x86_64-unknown-linux-gnu
ac_cv_objext=o
ac_cv_path_AdlSim=no
ac_cv_path_EGREP='/usr/bin/grep -E'
ac_cv_path_FGREP='/usr/bin/grep -F'
ac_cv_path_GREP=/usr/bin/grep
ac_cv_path_SED=/usr/bin/sed
ac_cv_path_install='/usr/bin/install -c'
ac_cv_path_mkdir=/usr/bin/mkdir
ac_cv_prog_AWK=gawk
ac_cv_prog_CPP='gcc -E'
ac_cv_prog_ac_ct_AR=ar
ac_cv_prog_ac_ct_CC=gcc
ac_cv_prog_ac_ct_OBJDUMP=objdump
ac_cv_prog_ac_ct_RANLIB=ranlib
ac_cv_prog_ac_ct_STRIP=strip
ac_cv_prog_cc_c89=
ac_cv_prog_cc_g=yes
ac_cv_prog_make_make_set=yes
ac_cv_type_size_t=yes
am_cv_CCAS_dependencies_compiler_type=gcc3
am_cv_CC_dependencies_compiler_type=gcc3
lt_cv_deplibs_check_method=pass_all
lt_cv_file_magic_cmd='$MAGIC_CMD'
lt_cv_file_magic_test_file=
lt_cv_ld_reload_flag=-r
lt_cv_nm_interface='BSD nm'
lt_cv_objdir=.libs
lt_cv_path_LD=/usr/bin/ld
lt_cv_path_NM='/usr/bin/nm -B'
lt_cv_prog_compiler_c_o=yes
lt_cv_prog_compiler_pic_works=yes
lt_cv_prog_compiler_rtti_exceptions=no
lt_cv_prog_compiler_static_works=yes
lt_cv_prog_gnu_ld=yes
lt_cv_sys_global_symbol_pipe='sed -n -e '\''s/^.*[	 ]\([ABCDGIRSTW][ABCDGIRSTW]*\)[	 ][	 ]*\([_A-Za-z][_A-Za-z0-9]*\)$/\1 \2 \2/p'\'''
lt_cv_sys_global_symbol_to_c_name_address='sed -n -e '\''s/^: \([^ ]*\) $/  {\"\1\", (void *) 0},/p'\'' -e '\''s/^[ABCDGIRSTW]* \([^ ]*\) \([^ ]*\)$/  {"\2", (void *) \&\2},/p'\'''
lt_cv_sys_global_symbol_to_c_name_address_lib_prefix='sed -n -e '\''s/^: \([^ ]*\) $/  {\"\1\", (void *) 0},/p'\'' -e '\''s/^[ABCDGIRSTW]* \([^ ]*\) \(lib[^ ]*\)$/  {"\2", (void *) \&\2},/p'\'' -e '\''s/^[ABCDGIRSTW]* \([^ ]*\) \([^ ]*\)$/  {"lib\2", (void *) \&\2},/p'\'''
lt_cv_sys_global_symbol_to_cdecl='sed -n -e '\''s/^T .* \(.*\)$/extern int \1();/p'\'' -e '\''s/^[ABCDGIRSTW]* .* \(.*\)$/extern char \1;/p'\'''
lt_cv_sys_max_cmd_len=1572864

## ----------------- ##
## Output variables. ##
## ----------------- ##

ACLOCAL='${SHELL} /home/suyang/workspace/mca/missing --run aclocal-1.11'
ADL_SIM='no'
AMDEPBACKSLASH='\'
AMDEP_FALSE='#'
AMDEP_TRUE=''
AMTAR='${SHELL} /home/suyang/workspace/mca/missing --run tar'
AR='ar'
AUTOCONF='${SHELL} /home/suyang/workspace/mca/missing --run autoconf'
AUTOHEADER='${SHELL} /home/suyang/workspace/mca/missing --run autoheader'
AUTOMAKE='${SHELL} /home/suyang/workspace/mca/missing --run automake-1.11'
AWK='gawk'
AdlSim='no'
BAREMETAL='0'
BAREMETAL_FALSE=''
BAREMETAL_TRUE='#'
CC='gcc'
CCAS='gcc'
CCASDEPMODE='depmode=gcc3'
CCASFLAGS=' -ggdb -Wall   '
CCDEPMODE='depmode=gcc3'
CFLAGS=' -g -Wall   -ggdb -Wall   '
CPP='gcc -E'
CPPFLAGS=''
CYGPATH_W='echo'
DEFS='-DHAVE_CONFIG_H'
DEPDIR='.deps'
DSYMUTIL=''
DUMPBIN=''
ECHO_C=''
ECHO_N='-n'
ECHO_T=''
EGREP='/usr/bin/grep -E'
EXEEXT=''
FGREP='/usr/bin/grep -F'
GREP='/usr/bin/grep'
INSTALL_DATA='${INSTALL} -m 644'
INSTALL_PROGRAM='${INSTALL}'
INSTALL_SCRIPT='${INSTALL}'
INSTALL_STRIP_PROGRAM='$(install_sh) -c -s'
LD='/usr/bin/ld -m elf_x86_64'
LDFLAGS=''
LIBOBJS=''
LIBS=''
LIBTOOL='$(SHELL) $(top_builddir)/libtool'
LIPO=''
LN_S='ln -s'
LTLIBOBJS=''
MAINT='#'
MAINTAINER_MODE_FALSE=''
MAINTAINER_MODE_TRUE='#'
MAKEINFO='${SHELL} /home/suyang/workspace/mca/missing --run makeinfo'
MKDIR_P='/usr/bin/mkdir -p'
NM='/usr/bin/nm -B'
NMEDIT=''
OBJDUMP='objdump'
OBJEXT='o'
OTOOL64=''
OTOOL=''
PACKAGE='mca'
PACKAGE_BUGREPORT=''
PACKAGE_NAME='mca'
PACKAGE_STRING='mca 2.0.3'
PACKAGE_TARNAME='mca'
PACKAGE_VERSION='2.0.3'
PATH_SEPARATOR=':'
RANLIB='ranlib'
SED='/usr/bin/sed'
SET_MAKE=''
SHELL='/bin/sh'
STRIP='strip'
VERSION='2.0.3'
ac_ct_CC='gcc'
ac_ct_DUMPBIN=''
am__EXEEXT_FALSE=''
am__EXEEXT_TRUE='#'
am__fastdepCCAS_FALSE='#'
am__fastdepCCAS_TRUE=''
am__fastdepCC_FALSE='#'
am__fastdepCC_TRUE=''
am__include='include'
am__isrc=''
am__leading_dot='.'
am__quote=''
am__tar='${AMTAR} chof - "$$tardir"'
am__untar='${AMTAR} xf -'
bindir='${exec_prefix}/bin'
build='x86_64-unknown-linux-gnu'
build_alias=''
build_cpu='x86_64'
build_os='linux-gnu'
build_vendor='unknown'
datadir='${datarootdir}'
datarootdir='${prefix}/share'
docdir='${datarootdir}/doc/${PACKAGE_TARNAME}'
dvidir='${docdir}'
exec_prefix='${prefix}'
host='x86_64-unknown-linux-gnu'
host_alias=''
host_cpu='x86_64'
host_os='linux-gnu'
host_vendor='unknown'
htmldir='${docdir}'
includedir='${prefix}/include'
infodir='${datarootdir}/info'
install_sh='${SHELL} /home/suyang/workspace/mca/install-sh'
libdir='${exec_prefix}/lib'
libexecdir='${exec_prefix}/libexec'
localedir='${datarootdir}/locale'
localstatedir='${prefix}/var'
lt_ECHO='echo'
mandir='${datarootdir}/man'
mkdir_p='/usr/bin/mkdir -p'
oldincludedir='/usr/include'
pdfdir='${docdir}'
prefix='/home/suyang/Install'
program_transform_name='s,x,x,'
psdir='${docdir}'
sbindir='${exec_prefix}/sbin'
sharedstatedir='${prefix}/com'
sysconfdir='${prefix}/etc'
target_alias=''

## ----------- ##
## confdefs.h. ##
## ----------- ##

#define PACKAGE_NAME "mca"
#define PACKAGE_TARNAME "mca"
#define PACKAGE_VERSION "2.0.3"
#define PACKAGE_STRING "mca 2.0.3"
#define PACKAGE_BUGREPORT ""
#define PACKAGE "mca"
#define VERSION "2.0.3"
#define STDC_HEADERS 1
#define HAVE_SYS_TYPES_H 1
#define HAVE_SYS_STAT_H 1
#define HAVE_STDLIB_H 1
#define HAVE_STRING_H 1
#define HAVE_MEMORY_H 1
#define HAVE_STRINGS_H 1
#define HAVE_INTTYPES_H 1
#define HAVE_STDINT_H 1
#define HAVE_UNISTD_H 1
#define HAVE_DLFCN_H 1
#define LT_OBJDIR ".libs/"
#define MCA_WITH_DEBUG 0
#define MRAPI_WITH_BAREMETAL 0
#define CONKER_WITH_AFFINITY 0
#define CONKER_WITH_GETTIMEOFDAY 0
#define MTAPI_MAX_TASKS 64
#define MCAPI_MAX_MSG_SIZE 9116
#define MCAPI_MAX_PKT_SIZE 1024
#define MCAPI_MAX_ENDPOINTS 32
#define MCAPI_MAX_ATTRIBUTES 2
#define MCAPI_MAX_CHANNELS 32
#define MCA_MAX_NODES 16
#define MCA_MAX_DOMAINS 2
#define MCAPI_MAX_BUFFERS 1284
#define MCAPI_MAX_QUEUE_ELEMENTS 64

configure: exit 0
